# Logfile created on Sat Feb 23 17:08:04 CST 2008 by logger.rb/1.5.2.7
[23/Feb/2008:17:08:04 :: 17930] starting
[23/Feb/2008:18:02:56 :: 17930] asked to terminate immediately
[23/Feb/2008:18:02:56 :: 17930] terminated by explicit exit
[23/Feb/2008:18:12:05 :: 11862] starting
[23/Feb/2008:18:55:40 :: 11862] asked to terminate immediately
[23/Feb/2008:18:56:54 :: 11862] terminated gracefully
[23/Feb/2008:18:57:31 :: 22311] starting
[23/Feb/2008:19:00:46 :: 22311] asked to terminate immediately
[23/Feb/2008:19:00:46 :: 22311] terminated by explicit exit
[23/Feb/2008:19:26:51 :: 19586] starting
[23/Feb/2008:21:49:22 :: 6422] starting
[23/Feb/2008:21:52:35 :: 8909] starting
[23/Feb/2008:21:52:55 :: 9113] starting
[23/Feb/2008:21:56:03 :: 11298] starting
[23/Feb/2008:21:56:49 :: 11839] starting
[23/Feb/2008:22:20:42 :: 30344] starting
[24/Feb/2008:01:11:38 :: 32649] starting
[24/Feb/2008:04:12:45 :: 32649] asked to terminate immediately
[24/Feb/2008:04:12:45 :: 32649] terminated by explicit exit
[24/Feb/2008:11:05:31 :: 12916] starting
[24/Feb/2008:11:26:04 :: 12916] asked to terminate immediately
[24/Feb/2008:11:26:04 :: 12916] terminated by explicit exit
[24/Feb/2008:11:37:41 :: 13973] starting
[24/Feb/2008:12:06:07 :: 13973] terminated gracefully
[24/Feb/2008:12:07:56 :: 11824] starting
[24/Feb/2008:12:16:00 :: 20947] starting
[24/Feb/2008:13:17:29 :: 20947] asked to terminate immediately
[24/Feb/2008:13:17:29 :: 20947] terminated by explicit exit
[24/Feb/2008:16:22:30 :: 17335] starting
[24/Feb/2008:16:24:12 :: 17335] asked to terminate immediately
[24/Feb/2008:16:24:13 :: 17335] terminated by explicit exit
[24/Feb/2008:19:22:59 :: 12723] starting
[24/Feb/2008:19:27:36 :: 18930] starting
[24/Feb/2008:20:19:15 :: 18930] terminated gracefully
[24/Feb/2008:20:19:15 :: 18930] asked to terminate immediately
[24/Feb/2008:20:30:43 :: 4094] starting
[24/Feb/2008:20:34:42 :: 4094] asked to terminate immediately
[24/Feb/2008:20:34:42 :: 4094] terminated by explicit exit
[24/Feb/2008:23:39:29 :: 19524] starting
[24/Feb/2008:23:55:07 :: 4734] starting
[25/Feb/2008:00:13:35 :: 25625] starting
[25/Feb/2008:00:15:08 :: 4734] terminated gracefully
[25/Feb/2008:00:15:08 :: 25625] terminated gracefully
[25/Feb/2008:00:15:08 :: 25625] asked to terminate immediately
[25/Feb/2008:00:18:51 :: 30668] starting
[25/Feb/2008:02:38:27 :: 30668] terminated gracefully
[25/Feb/2008:02:38:28 :: 30668] asked to terminate immediately
[25/Feb/2008:09:55:50 :: 13941] starting
[25/Feb/2008:10:04:03 :: 24924] starting
[25/Feb/2008:12:39:53 :: 24924] terminated gracefully
[25/Feb/2008:22:49:47 :: 21243] starting
[25/Feb/2008:23:39:14 :: 21243] terminated gracefully
[25/Feb/2008:23:39:14 :: 21243] asked to terminate immediately
[25/Feb/2008:23:40:51 :: 21657] starting
[26/Feb/2008:00:12:04 :: 21657] asked to terminate immediately
[26/Feb/2008:00:12:04 :: 21657] terminated by explicit exit
[26/Feb/2008:00:40:24 :: 7294] starting
[26/Feb/2008:01:01:30 :: 7294] terminated gracefully
[26/Feb/2008:01:01:30 :: 7294] asked to terminate immediately
[27/Feb/2008:02:12:02 :: 4290] starting
[27/Feb/2008:06:05:52 :: 4290] terminated gracefully
[27/Feb/2008:06:05:52 :: 4290] asked to terminate immediately
[27/Feb/2008:10:19:29 :: 25283] starting
[27/Feb/2008:11:03:39 :: 25283] terminated gracefully
[27/Feb/2008:11:03:40 :: 25283] asked to terminate immediately
[27/Feb/2008:21:38:29 :: 1326] starting
[27/Feb/2008:22:15:25 :: 1326] asked to terminate immediately
[27/Feb/2008:22:15:25 :: 1326] terminated by explicit exit
[27/Feb/2008:23:22:15 :: 21522] starting
[28/Feb/2008:02:44:13 :: 21522] terminated gracefully
[28/Feb/2008:02:44:13 :: 21522] asked to terminate immediately
[28/Feb/2008:14:25:31 :: 19101] starting
[28/Feb/2008:15:16:24 :: 19101] asked to terminate immediately
[28/Feb/2008:15:16:24 :: 19101] terminated by explicit exit
[28/Feb/2008:18:46:29 :: 4015] starting
[28/Feb/2008:23:43:58 :: 30014] starting
[29/Feb/2008:00:31:14 :: 7475] starting
[29/Feb/2008:01:41:29 :: 7475] asked to terminate immediately
[29/Feb/2008:01:41:29 :: 7475] terminated by explicit exit
[29/Feb/2008:15:29:00 :: 2980] starting
[29/Feb/2008:16:07:35 :: 2980] terminated gracefully
[29/Feb/2008:16:07:35 :: 2980] asked to terminate immediately
[29/Feb/2008:21:19:24 :: 20275] starting
[29/Feb/2008:22:56:19 :: 20275] asked to terminate immediately
[29/Feb/2008:22:56:19 :: 20275] terminated by explicit exit
[29/Feb/2008:22:56:28 :: 26833] starting
[29/Feb/2008:22:57:31 :: 26833] asked to terminate immediately
[29/Feb/2008:22:57:31 :: 26833] terminated by explicit exit
[29/Feb/2008:22:57:35 :: 27573] starting
[29/Feb/2008:23:04:22 :: 27573] asked to terminate immediately
[29/Feb/2008:23:04:22 :: 27573] terminated by explicit exit
[29/Feb/2008:23:04:29 :: 2540] starting
[29/Feb/2008:23:05:58 :: 2540] asked to terminate immediately
[29/Feb/2008:23:05:58 :: 2540] terminated by explicit exit
[29/Feb/2008:23:06:03 :: 5707] starting
[29/Feb/2008:23:06:41 :: 5707] asked to terminate immediately
[29/Feb/2008:23:06:41 :: 5707] terminated by explicit exit
[29/Feb/2008:23:06:44 :: 6331] starting
[01/Mar/2008:03:07:15 :: 6331] terminated gracefully
[01/Mar/2008:12:16:39 :: 25106] starting
[01/Mar/2008:12:24:53 :: 25106] asked to terminate immediately
[01/Mar/2008:12:24:53 :: 25106] terminated by explicit exit
[01/Mar/2008:12:24:58 :: 5199] starting
[01/Mar/2008:12:25:33 :: 5199] asked to terminate immediately
[01/Mar/2008:12:25:33 :: 5199] terminated by explicit exit
[01/Mar/2008:12:25:36 :: 5968] starting
[01/Mar/2008:12:25:49 :: 5968] asked to terminate immediately
[01/Mar/2008:12:25:49 :: 5968] terminated by explicit exit
[01/Mar/2008:12:25:54 :: 6158] starting
[01/Mar/2008:12:26:51 :: 6158] asked to terminate immediately
[01/Mar/2008:12:26:51 :: 6158] terminated by explicit exit
[01/Mar/2008:12:26:55 :: 7265] starting
[01/Mar/2008:13:33:54 :: 7265] asked to terminate immediately
[01/Mar/2008:13:33:54 :: 7265] terminated by explicit exit
[01/Mar/2008:13:34:04 :: 21935] starting
[01/Mar/2008:13:37:25 :: 21935] asked to terminate immediately
[01/Mar/2008:13:37:25 :: 21935] terminated by explicit exit
[01/Mar/2008:13:37:31 :: 25025] starting
[01/Mar/2008:15:00:17 :: 25025] asked to terminate immediately
[01/Mar/2008:15:00:17 :: 25025] terminated by explicit exit
[02/Mar/2008:00:02:32 :: 24024] starting
[02/Mar/2008:05:55:31 :: 24024] terminated gracefully
[02/Mar/2008:05:55:33 :: 24024] asked to terminate immediately
[02/Mar/2008:10:00:36 :: 931] starting
[02/Mar/2008:10:15:53 :: 931] terminated gracefully
[02/Mar/2008:10:15:53 :: 931] asked to terminate immediately
[02/Mar/2008:23:01:33 :: 26934] starting
[03/Mar/2008:06:16:27 :: 26934] terminated gracefully
[03/Mar/2008:20:56:31 :: 6222] starting
[03/Mar/2008:21:01:00 :: 6222] asked to terminate immediately
[03/Mar/2008:21:01:00 :: 6222] terminated by explicit exit
[03/Mar/2008:21:01:03 :: 10410] starting
[03/Mar/2008:21:08:29 :: 10410] asked to terminate immediately
[03/Mar/2008:21:08:29 :: 10410] terminated by explicit exit
[03/Mar/2008:21:08:32 :: 19012] starting
[03/Mar/2008:22:14:58 :: 19012] terminated gracefully
[04/Mar/2008:06:27:54 :: 8342] starting
[04/Mar/2008:08:02:52 :: 8342] asked to terminate immediately
[04/Mar/2008:08:02:54 :: 8342] terminated by explicit exit
[04/Mar/2008:13:39:43 :: 5121] starting
[04/Mar/2008:15:03:50 :: 5121] asked to terminate immediately
[04/Mar/2008:15:03:50 :: 5121] terminated by explicit exit
[04/Mar/2008:20:27:50 :: 1354] starting
[04/Mar/2008:21:11:21 :: 1354] terminated gracefully
[05/Mar/2008:02:54:46 :: 31004] starting
[05/Mar/2008:02:56:03 :: 31004] terminated gracefully
[05/Mar/2008:03:22:13 :: 30272] starting
[05/Mar/2008:03:26:57 :: 30272] terminated gracefully
[05/Mar/2008:03:28:34 :: 4646] starting
[05/Mar/2008:05:48:04 :: 4646] terminated gracefully
[05/Mar/2008:06:48:26 :: 27524] starting
[05/Mar/2008:07:32:16 :: 27524] asked to terminate immediately
[05/Mar/2008:07:32:16 :: 27524] terminated by explicit exit
[05/Mar/2008:07:33:03 :: 13026] starting
[05/Mar/2008:07:51:49 :: 13026] asked to terminate immediately
[05/Mar/2008:07:51:49 :: 13026] terminated by explicit exit
[05/Mar/2008:07:53:42 :: 2485] starting
[05/Mar/2008:08:36:05 :: 2485] asked to terminate immediately
[05/Mar/2008:08:44:05 :: 27334] starting
[05/Mar/2008:08:46:45 :: 2485] terminated gracefully
[05/Mar/2008:08:46:45 :: 27334] asked to terminate immediately
[05/Mar/2008:08:46:45 :: 27334] terminated by explicit exit
[05/Mar/2008:09:45:03 :: 10954] starting
[05/Mar/2008:09:45:09 :: 10954] asked to terminate immediately
[05/Mar/2008:09:45:09 :: 10954] terminated by explicit exit
[05/Mar/2008:09:45:30 :: 11619] starting
[05/Mar/2008:10:41:05 :: 11619] terminated gracefully
[05/Mar/2008:10:41:05 :: 11619] asked to terminate immediately
[05/Mar/2008:10:42:23 :: 30242] starting
[05/Mar/2008:10:45:15 :: 30242] terminated gracefully
[05/Mar/2008:10:47:04 :: 3151] starting
[05/Mar/2008:13:01:57 :: 3151] asked to terminate immediately
[05/Mar/2008:13:01:57 :: 3151] terminated by explicit exit
[05/Mar/2008:13:02:39 :: 4259] starting
[05/Mar/2008:14:04:08 :: 4259] terminated gracefully
[05/Mar/2008:14:08:31 :: 12374] starting
[05/Mar/2008:14:55:15 :: 12374] terminated gracefully
[05/Mar/2008:14:56:08 :: 3688] starting
[05/Mar/2008:14:58:11 :: 3688] terminated gracefully
[05/Mar/2008:14:58:50 :: 7820] starting
[05/Mar/2008:16:10:43 :: 7820] asked to terminate immediately
[05/Mar/2008:16:10:43 :: 7820] terminated by explicit exit
[05/Mar/2008:16:14:07 :: 3026] starting
[05/Mar/2008:16:31:22 :: 3026] terminated gracefully
[05/Mar/2008:16:32:30 :: 25562] starting
[05/Mar/2008:16:33:23 :: 25562] asked to terminate immediately
[05/Mar/2008:16:33:23 :: 25562] terminated by explicit exit
[05/Mar/2008:16:35:13 :: 28390] starting
[05/Mar/2008:16:39:56 :: 28390] asked to terminate immediately
[05/Mar/2008:16:39:56 :: 28390] terminated by explicit exit
[05/Mar/2008:16:40:46 :: 4440] starting
[05/Mar/2008:16:44:47 :: 4440] asked to terminate immediately
[05/Mar/2008:16:44:47 :: 4440] terminated by explicit exit
[05/Mar/2008:16:46:19 :: 11290] starting
[05/Mar/2008:16:51:17 :: 11290] terminated gracefully
[05/Mar/2008:16:54:40 :: 21882] starting
[05/Mar/2008:18:48:57 :: 21882] asked to terminate immediately
[05/Mar/2008:18:48:57 :: 21882] terminated by explicit exit
[05/Mar/2008:18:49:40 :: 29039] starting
[05/Mar/2008:20:18:20 :: 29039] asked to terminate immediately
[05/Mar/2008:20:18:20 :: 29039] terminated by explicit exit
[05/Mar/2008:20:42:22 :: 20444] starting
[05/Mar/2008:21:25:58 :: 20444] terminated gracefully
[05/Mar/2008:21:25:58 :: 20444] asked to terminate immediately
[05/Mar/2008:21:59:33 :: 23717] starting
[05/Mar/2008:23:08:25 :: 23717] asked to terminate immediately
[05/Mar/2008:23:08:25 :: 23717] terminated by explicit exit
[05/Mar/2008:23:09:25 :: 17075] starting
[06/Mar/2008:01:03:47 :: 17075] terminated gracefully
[06/Mar/2008:01:03:47 :: 17075] asked to terminate immediately
[06/Mar/2008:01:05:54 :: 15970] starting
[06/Mar/2008:03:15:32 :: 15970] asked to terminate immediately
[06/Mar/2008:03:15:32 :: 15970] terminated by explicit exit
[06/Mar/2008:03:16:15 :: 19070] starting
[06/Mar/2008:04:09:14 :: 19070] terminated gracefully
[06/Mar/2008:04:09:14 :: 19070] asked to terminate immediately
[06/Mar/2008:04:10:04 :: 11816] starting
[06/Mar/2008:06:03:13 :: 11816] terminated gracefully
[06/Mar/2008:06:03:13 :: 11816] asked to terminate immediately
[06/Mar/2008:06:04:07 :: 5578] starting
[06/Mar/2008:06:08:15 :: 5578] terminated gracefully
[06/Mar/2008:06:09:14 :: 15704] starting
[06/Mar/2008:06:14:22 :: 15704] asked to terminate immediately
[06/Mar/2008:06:14:22 :: 15704] terminated by explicit exit
[06/Mar/2008:06:18:41 :: 28455] starting
[06/Mar/2008:06:46:28 :: 28455] terminated gracefully
[06/Mar/2008:06:48:56 :: 28719] starting
[06/Mar/2008:07:59:45 :: 28719] terminated gracefully
[06/Mar/2008:07:59:45 :: 28719] asked to terminate immediately
[06/Mar/2008:08:01:41 :: 11985] starting
[06/Mar/2008:08:40:08 :: 26328] starting
[06/Mar/2008:08:52:10 :: 11970] starting
[06/Mar/2008:09:32:06 :: 11970] asked to terminate immediately
[06/Mar/2008:09:32:06 :: 11970] terminated by explicit exit
[06/Mar/2008:09:34:54 :: 7184] starting
[06/Mar/2008:09:35:53 :: 7184] asked to terminate immediately
[06/Mar/2008:09:35:53 :: 7184] terminated by explicit exit
[06/Mar/2008:09:38:16 :: 11552] starting
[06/Mar/2008:09:43:24 :: 11552] terminated gracefully
[06/Mar/2008:09:44:48 :: 18825] starting
[06/Mar/2008:09:53:37 :: 18825] terminated gracefully
[06/Mar/2008:09:54:40 :: 31094] starting
[06/Mar/2008:10:17:39 :: 31094] asked to terminate immediately
[06/Mar/2008:10:17:39 :: 31094] terminated by explicit exit
[06/Mar/2008:10:20:07 :: 823] starting
[06/Mar/2008:10:42:25 :: 823] asked to terminate immediately
[06/Mar/2008:10:42:25 :: 823] terminated by explicit exit
[06/Mar/2008:10:42:31 :: 32206] starting
[06/Mar/2008:11:54:01 :: 32206] terminated gracefully
[06/Mar/2008:11:56:12 :: 1903] starting
[06/Mar/2008:12:45:20 :: 26554] starting
[06/Mar/2008:12:48:14 :: 26554] asked to terminate immediately
[06/Mar/2008:12:48:14 :: 26554] terminated by explicit exit
[06/Mar/2008:12:56:11 :: 7752] starting
[06/Mar/2008:13:45:50 :: 7752] asked to terminate immediately
[06/Mar/2008:13:45:50 :: 7752] terminated by explicit exit
[06/Mar/2008:13:46:19 :: 30504] starting
[06/Mar/2008:14:33:20 :: 30504] terminated gracefully
[06/Mar/2008:14:33:44 :: 21976] starting
[06/Mar/2008:15:21:40 :: 31093] starting
[06/Mar/2008:15:41:41 :: 31093] asked to terminate immediately
[06/Mar/2008:15:41:41 :: 31093] terminated by explicit exit
[06/Mar/2008:15:42:21 :: 31449] starting
[06/Mar/2008:15:57:44 :: 31449] terminated gracefully
[06/Mar/2008:16:01:18 :: 19507] starting
[06/Mar/2008:16:04:44 :: 19507] terminated gracefully
[06/Mar/2008:16:08:03 :: 31437] starting
[06/Mar/2008:16:14:00 :: 31437] terminated gracefully
[06/Mar/2008:16:15:33 :: 8775] starting
[06/Mar/2008:16:15:49 :: 8775] terminated gracefully
[06/Mar/2008:16:16:05 :: 9345] starting
[06/Mar/2008:16:40:08 :: 9345] terminated gracefully
[06/Mar/2008:16:40:37 :: 6054] starting
[06/Mar/2008:16:44:40 :: 6054] terminated gracefully
[06/Mar/2008:16:44:40 :: 6054] asked to terminate immediately
[06/Mar/2008:16:46:26 :: 13388] starting
[06/Mar/2008:16:53:50 :: 13388] terminated gracefully
[06/Mar/2008:16:56:01 :: 23611] starting
[06/Mar/2008:17:06:27 :: 23611] asked to terminate immediately
[06/Mar/2008:17:06:27 :: 23611] terminated by explicit exit
[06/Mar/2008:17:09:36 :: 12104] starting
[06/Mar/2008:17:20:53 :: 12104] asked to terminate immediately
[06/Mar/2008:17:20:53 :: 12104] terminated by explicit exit
[06/Mar/2008:17:21:22 :: 24915] starting
[06/Mar/2008:17:32:53 :: 24915] terminated gracefully
[06/Mar/2008:17:34:55 :: 10424] starting
[06/Mar/2008:17:42:28 :: 10424] terminated gracefully
[06/Mar/2008:17:46:35 :: 27006] starting
[06/Mar/2008:19:51:55 :: 27006] terminated gracefully
[06/Mar/2008:19:54:02 :: 16759] starting
[06/Mar/2008:20:15:25 :: 16759] terminated gracefully
[06/Mar/2008:20:20:25 :: 12227] starting
[06/Mar/2008:21:18:30 :: 12227] terminated gracefully
[06/Mar/2008:21:20:11 :: 14916] starting
[06/Mar/2008:21:23:55 :: 14916] terminated gracefully
[06/Mar/2008:21:25:50 :: 19833] starting
[06/Mar/2008:21:25:59 :: 19833] terminated gracefully
[06/Mar/2008:21:28:38 :: 22321] starting
[06/Mar/2008:21:32:58 :: 22321] asked to terminate immediately
[06/Mar/2008:21:32:58 :: 22321] terminated by explicit exit
[06/Mar/2008:21:34:19 :: 27323] starting
[06/Mar/2008:21:38:59 :: 27323] asked to terminate immediately
[06/Mar/2008:21:38:59 :: 27323] terminated by explicit exit
[06/Mar/2008:21:39:58 :: 31614] starting
[06/Mar/2008:21:49:34 :: 31614] terminated gracefully
[06/Mar/2008:21:50:45 :: 8027] starting
[06/Mar/2008:21:58:37 :: 8027] asked to terminate immediately
[06/Mar/2008:21:58:37 :: 8027] terminated by explicit exit
[06/Mar/2008:22:01:02 :: 18886] starting
[06/Mar/2008:22:07:02 :: 18886] terminated gracefully
[06/Mar/2008:22:07:46 :: 28293] starting
[07/Mar/2008:01:47:32 :: 28293] terminated gracefully
[07/Mar/2008:01:47:32 :: 28293] asked to terminate immediately
[07/Mar/2008:01:48:07 :: 12171] starting
[07/Mar/2008:03:04:24 :: 12171] terminated gracefully
[07/Mar/2008:03:08:02 :: 22903] starting
[07/Mar/2008:04:27:26 :: 22903] terminated gracefully
[07/Mar/2008:04:27:26 :: 22903] asked to terminate immediately
[07/Mar/2008:04:29:37 :: 32223] starting
[07/Mar/2008:08:23:28 :: 32223] terminated gracefully
[07/Mar/2008:08:23:29 :: 32223] asked to terminate immediately
[07/Mar/2008:08:24:22 :: 16820] starting
[07/Mar/2008:08:48:28 :: 16820] terminated gracefully
[07/Mar/2008:08:48:29 :: 16820] asked to terminate immediately
[07/Mar/2008:08:48:41 :: 18780] starting
[07/Mar/2008:10:37:58 :: 18780] asked to terminate immediately
[07/Mar/2008:10:37:59 :: 18780] asked to terminate immediately
[07/Mar/2008:10:37:59 :: 18780] terminated by explicit exit
[07/Mar/2008:10:40:35 :: 27425] starting
[07/Mar/2008:11:09:53 :: 27425] terminated gracefully
[07/Mar/2008:11:11:20 :: 31587] starting
[07/Mar/2008:11:25:20 :: 31587] terminated gracefully
[07/Mar/2008:11:26:19 :: 13543] starting
[07/Mar/2008:12:48:40 :: 13543] asked to terminate immediately
[07/Mar/2008:12:48:40 :: 13543] terminated by explicit exit
[07/Mar/2008:12:49:23 :: 19866] starting
[07/Mar/2008:14:15:50 :: 19866] terminated gracefully
[07/Mar/2008:14:17:24 :: 22952] starting
[07/Mar/2008:15:46:42 :: 22952] terminated gracefully
[07/Mar/2008:15:46:42 :: 22952] asked to terminate immediately
[07/Mar/2008:15:48:04 :: 28901] starting
[07/Mar/2008:16:37:35 :: 28901] terminated gracefully
[07/Mar/2008:16:37:35 :: 28901] asked to terminate immediately
[07/Mar/2008:16:40:37 :: 17722] starting
[07/Mar/2008:16:59:39 :: 17722] asked to terminate immediately
[07/Mar/2008:16:59:39 :: 17722] terminated by explicit exit
[07/Mar/2008:17:00:54 :: 4277] starting
[07/Mar/2008:18:18:59 :: 4277] terminated gracefully
[07/Mar/2008:18:20:14 :: 31049] starting
[07/Mar/2008:18:20:29 :: 31049] terminated gracefully
[07/Mar/2008:18:22:52 :: 1335] starting
[07/Mar/2008:19:23:35 :: 1335] asked to terminate immediately
[07/Mar/2008:19:23:35 :: 1335] terminated by explicit exit
[07/Mar/2008:19:25:20 :: 30421] starting
[07/Mar/2008:19:32:54 :: 30421] terminated gracefully
[07/Mar/2008:19:34:37 :: 9468] starting
[07/Mar/2008:20:15:02 :: 9468] asked to terminate immediately
[07/Mar/2008:20:15:02 :: 9468] terminated by explicit exit
[07/Mar/2008:20:17:01 :: 20472] starting
[07/Mar/2008:20:28:57 :: 20472] asked to terminate immediately
[07/Mar/2008:20:28:57 :: 20472] terminated by explicit exit
[07/Mar/2008:20:29:14 :: 1121] starting
[07/Mar/2008:22:01:50 :: 1121] terminated gracefully
[07/Mar/2008:22:01:50 :: 1121] asked to terminate immediately
[07/Mar/2008:22:02:35 :: 23032] starting
[07/Mar/2008:23:25:33 :: 23032] asked to terminate immediately
[07/Mar/2008:23:25:33 :: 23032] terminated by explicit exit
[07/Mar/2008:23:27:30 :: 13672] starting
[08/Mar/2008:02:25:15 :: 13672] terminated gracefully
[08/Mar/2008:02:26:16 :: 28561] starting
[08/Mar/2008:03:03:27 :: 28561] asked to terminate immediately
[08/Mar/2008:03:03:27 :: 28561] terminated by explicit exit
[08/Mar/2008:03:05:18 :: 32103] starting
[08/Mar/2008:03:43:27 :: 32103] terminated gracefully
[08/Mar/2008:03:43:27 :: 32103] asked to terminate immediately
[08/Mar/2008:03:44:56 :: 17014] starting
[08/Mar/2008:05:11:15 :: 17014] terminated gracefully
[08/Mar/2008:05:11:15 :: 17014] asked to terminate immediately
[08/Mar/2008:05:13:24 :: 11582] starting
[08/Mar/2008:07:51:32 :: 11582] terminated gracefully
[08/Mar/2008:07:54:04 :: 17096] starting
[08/Mar/2008:08:34:20 :: 17096] terminated gracefully
[08/Mar/2008:08:34:20 :: 17096] asked to terminate immediately
[08/Mar/2008:08:39:20 :: 18852] starting
[08/Mar/2008:08:42:43 :: 18852] asked to terminate immediately
[08/Mar/2008:08:46:12 :: 29538] starting
[08/Mar/2008:10:02:08 :: 18852] terminated gracefully
[08/Mar/2008:10:02:08 :: 29538] terminated gracefully
[08/Mar/2008:10:02:08 :: 29538] asked to terminate immediately
[08/Mar/2008:10:08:21 :: 4045] starting
[08/Mar/2008:10:27:06 :: 4045] terminated gracefully
[08/Mar/2008:10:28:04 :: 27477] starting
[08/Mar/2008:10:34:26 :: 27477] terminated gracefully
[08/Mar/2008:10:36:57 :: 5311] starting
[08/Mar/2008:11:04:25 :: 5311] terminated gracefully
[08/Mar/2008:11:06:58 :: 11777] starting
[08/Mar/2008:11:30:49 :: 11777] terminated gracefully
[08/Mar/2008:11:30:49 :: 11777] asked to terminate immediately
[08/Mar/2008:11:32:18 :: 5204] starting
[08/Mar/2008:13:02:43 :: 5204] terminated gracefully
[08/Mar/2008:13:03:20 :: 8576] starting
[08/Mar/2008:14:52:29 :: 8576] terminated gracefully
[08/Mar/2008:14:53:21 :: 23560] starting
[08/Mar/2008:16:15:14 :: 23560] terminated gracefully
[08/Mar/2008:16:17:38 :: 18504] starting
[08/Mar/2008:16:26:39 :: 18504] terminated gracefully
[08/Mar/2008:16:30:14 :: 1516] starting
[08/Mar/2008:17:12:18 :: 1516] terminated gracefully
[08/Mar/2008:17:13:40 :: 15895] starting
[08/Mar/2008:20:46:24 :: 15895] terminated gracefully
[08/Mar/2008:20:49:36 :: 3030] starting
[08/Mar/2008:22:42:22 :: 3030] terminated gracefully
[08/Mar/2008:22:42:22 :: 3030] asked to terminate immediately
[08/Mar/2008:22:54:03 :: 12922] starting
[08/Mar/2008:23:29:07 :: 12922] terminated gracefully
[08/Mar/2008:23:39:26 :: 21694] starting
[09/Mar/2008:00:51:52 :: 21694] asked to terminate immediately
[09/Mar/2008:00:51:52 :: 21694] terminated by explicit exit
[09/Mar/2008:00:54:42 :: 24653] starting
[09/Mar/2008:01:59:48 :: 24653] terminated gracefully
[09/Mar/2008:01:59:56 :: 13496] starting
[09/Mar/2008:04:06:42 :: 13496] terminated gracefully
[09/Mar/2008:04:06:42 :: 13496] asked to terminate immediately
[09/Mar/2008:04:07:13 :: 21113] starting
[09/Mar/2008:04:12:35 :: 21113] terminated gracefully
[09/Mar/2008:04:15:37 :: 1312] starting
[09/Mar/2008:06:49:41 :: 1312] asked to terminate immediately
[09/Mar/2008:06:52:24 :: 17705] starting
[09/Mar/2008:06:54:03 :: 17705] terminated gracefully
[09/Mar/2008:06:58:01 :: 25970] starting
[09/Mar/2008:07:18:53 :: 25970] asked to terminate immediately
[09/Mar/2008:07:18:53 :: 25970] terminated by explicit exit
[09/Mar/2008:07:24:34 :: 23967] starting
[09/Mar/2008:07:29:39 :: 23967] asked to terminate immediately
[09/Mar/2008:07:29:39 :: 23967] terminated by explicit exit
[09/Mar/2008:07:34:25 :: 3561] starting
[09/Mar/2008:08:48:23 :: 3561] asked to terminate immediately
[09/Mar/2008:08:48:23 :: 3561] terminated by explicit exit
[09/Mar/2008:08:50:54 :: 8166] starting
[09/Mar/2008:09:26:17 :: 8166] asked to terminate immediately
[09/Mar/2008:09:26:17 :: 8166] terminated by explicit exit
[09/Mar/2008:09:28:25 :: 25288] starting
[09/Mar/2008:10:24:49 :: 25288] terminated gracefully
[09/Mar/2008:10:24:50 :: 25288] asked to terminate immediately
[09/Mar/2008:10:27:33 :: 30985] starting
[09/Mar/2008:15:47:16 :: 30985] asked to terminate immediately
[09/Mar/2008:15:47:16 :: 30985] terminated by explicit exit
[09/Mar/2008:16:07:52 :: 2014] starting
[09/Mar/2008:17:31:36 :: 2014] terminated gracefully
[09/Mar/2008:17:34:02 :: 27563] starting
[09/Mar/2008:18:04:35 :: 27563] asked to terminate immediately
[09/Mar/2008:18:04:35 :: 27563] terminated by explicit exit
[09/Mar/2008:18:06:55 :: 26939] starting
[09/Mar/2008:18:08:46 :: 26939] asked to terminate immediately
[09/Mar/2008:18:08:46 :: 26939] terminated by explicit exit
[09/Mar/2008:18:14:24 :: 3535] starting
[09/Mar/2008:18:40:54 :: 3535] terminated gracefully
[09/Mar/2008:18:40:54 :: 3535] asked to terminate immediately
[09/Mar/2008:18:42:34 :: 29476] starting
[09/Mar/2008:20:40:45 :: 29476] terminated gracefully
[09/Mar/2008:20:40:45 :: 29476] asked to terminate immediately
[09/Mar/2008:20:42:57 :: 32576] starting
[09/Mar/2008:21:08:32 :: 32576] asked to terminate immediately
[09/Mar/2008:21:08:32 :: 32576] terminated by explicit exit
[09/Mar/2008:21:09:54 :: 26947] starting
[09/Mar/2008:22:24:32 :: 26947] terminated gracefully
[09/Mar/2008:22:29:26 :: 3185] starting
[10/Mar/2008:02:07:41 :: 3185] asked to terminate immediately
[10/Mar/2008:02:07:42 :: 3185] terminated by explicit exit
[10/Mar/2008:02:10:41 :: 20137] starting
[10/Mar/2008:02:51:06 :: 20137] terminated gracefully
[10/Mar/2008:02:53:23 :: 24597] starting
[10/Mar/2008:03:46:59 :: 24597] terminated gracefully
[10/Mar/2008:03:46:59 :: 24597] asked to terminate immediately
[10/Mar/2008:03:51:16 :: 25474] starting
[10/Mar/2008:03:51:54 :: 25474] terminated gracefully
[10/Mar/2008:03:55:40 :: 881] starting
[10/Mar/2008:04:14:42 :: 881] terminated gracefully
[10/Mar/2008:04:15:54 :: 23727] starting
[10/Mar/2008:06:27:08 :: 23727] asked to terminate immediately
[10/Mar/2008:06:27:08 :: 23727] terminated by explicit exit
[10/Mar/2008:06:29:05 :: 13827] starting
[10/Mar/2008:06:36:20 :: 21395] starting
[10/Mar/2008:07:47:07 :: 21395] asked to terminate immediately
[10/Mar/2008:07:47:07 :: 21395] terminated by explicit exit
[10/Mar/2008:07:55:31 :: 1093] starting
[10/Mar/2008:09:08:54 :: 1093] asked to terminate immediately
[10/Mar/2008:09:08:54 :: 1093] terminated by explicit exit
[10/Mar/2008:09:10:36 :: 20108] starting
[10/Mar/2008:09:46:12 :: 20108] asked to terminate immediately
[10/Mar/2008:09:50:34 :: 3538] starting
[10/Mar/2008:13:32:28 :: 3538] terminated gracefully
[10/Mar/2008:13:32:28 :: 3538] asked to terminate immediately
[10/Mar/2008:13:33:23 :: 5313] starting
[10/Mar/2008:13:35:47 :: 5313] terminated gracefully
[10/Mar/2008:13:40:39 :: 15208] starting
[10/Mar/2008:13:46:06 :: 15208] terminated gracefully
[10/Mar/2008:13:50:15 :: 25872] starting
[10/Mar/2008:14:52:02 :: 5636] starting
[10/Mar/2008:15:09:51 :: 5636] asked to terminate immediately
[10/Mar/2008:15:09:52 :: 5636] terminated by explicit exit
[10/Mar/2008:15:30:46 :: 26993] starting
[10/Mar/2008:18:15:29 :: 29193] starting
[10/Mar/2008:18:24:47 :: 29710] starting
[10/Mar/2008:20:12:52 :: 29710] terminated gracefully
[10/Mar/2008:20:12:53 :: 29710] asked to terminate immediately
[10/Mar/2008:20:22:16 :: 17683] starting
[10/Mar/2008:20:52:34 :: 17683] terminated gracefully
[10/Mar/2008:20:53:53 :: 19660] starting
[10/Mar/2008:21:29:23 :: 19660] terminated gracefully
[10/Mar/2008:21:29:24 :: 19660] asked to terminate immediately
[10/Mar/2008:21:29:54 :: 28159] starting
[10/Mar/2008:22:19:46 :: 28159] terminated gracefully
[10/Mar/2008:22:19:46 :: 28159] asked to terminate immediately
[10/Mar/2008:22:23:00 :: 19150] starting
[10/Mar/2008:22:36:47 :: 19150] terminated gracefully
[10/Mar/2008:22:40:36 :: 2018] starting
[11/Mar/2008:00:20:31 :: 2018] asked to terminate immediately
[11/Mar/2008:00:20:31 :: 2018] terminated by explicit exit
[11/Mar/2008:00:23:32 :: 9208] starting
[11/Mar/2008:01:39:45 :: 9208] asked to terminate immediately
[11/Mar/2008:01:39:45 :: 9208] terminated by explicit exit
[11/Mar/2008:01:41:06 :: 22891] starting
[11/Mar/2008:04:55:59 :: 22891] terminated gracefully
[11/Mar/2008:04:56:46 :: 10545] starting
[11/Mar/2008:10:12:10 :: 10545] asked to terminate immediately
[11/Mar/2008:10:12:57 :: 8784] starting
[11/Mar/2008:10:54:45 :: 8784] asked to terminate immediately
[11/Mar/2008:10:54:45 :: 8784] terminated by explicit exit
[11/Mar/2008:10:56:26 :: 30300] starting
[11/Mar/2008:10:57:42 :: 30300] asked to terminate immediately
[11/Mar/2008:10:57:42 :: 30300] terminated by explicit exit
[11/Mar/2008:11:02:55 :: 11049] starting
[11/Mar/2008:13:43:17 :: 11049] asked to terminate immediately
[11/Mar/2008:13:43:17 :: 11049] terminated by explicit exit
[11/Mar/2008:13:44:49 :: 2921] starting
[11/Mar/2008:13:46:19 :: 2921] asked to terminate immediately
[11/Mar/2008:13:46:19 :: 2921] terminated by explicit exit
[11/Mar/2008:13:47:22 :: 8007] starting
[11/Mar/2008:19:44:32 :: 8007] asked to terminate immediately
[11/Mar/2008:19:44:33 :: 8007] terminated by explicit exit
[11/Mar/2008:19:49:52 :: 27407] starting
[11/Mar/2008:22:20:46 :: 27407] terminated gracefully
[11/Mar/2008:22:23:45 :: 29180] starting
[11/Mar/2008:23:05:49 :: 29180] asked to terminate immediately
[11/Mar/2008:23:05:49 :: 29180] terminated by explicit exit
[11/Mar/2008:23:17:45 :: 18376] starting
[11/Mar/2008:23:22:04 :: 18376] terminated gracefully
[11/Mar/2008:23:22:37 :: 22739] starting
[12/Mar/2008:00:08:31 :: 22739] asked to terminate immediately
[12/Mar/2008:00:10:27 :: 22739] asked to terminate immediately
[12/Mar/2008:00:21:02 :: 14906] starting
[12/Mar/2008:00:31:53 :: 14906] asked to terminate immediately
[12/Mar/2008:00:31:53 :: 14906] terminated by explicit exit
[12/Mar/2008:00:34:51 :: 2243] starting
[12/Mar/2008:00:51:19 :: 2243] asked to terminate immediately
[12/Mar/2008:00:51:19 :: 2243] terminated by explicit exit
[12/Mar/2008:00:56:18 :: 20498] starting
[12/Mar/2008:00:56:42 :: 20498] terminated gracefully
[12/Mar/2008:01:00:29 :: 24516] starting
[12/Mar/2008:01:18:41 :: 24516] terminated gracefully
[12/Mar/2008:01:19:21 :: 14021] starting
[12/Mar/2008:04:39:46 :: 14021] terminated gracefully
[12/Mar/2008:04:42:28 :: 8273] starting
[12/Mar/2008:04:42:55 :: 8273] asked to terminate immediately
[12/Mar/2008:04:42:55 :: 8273] terminated by explicit exit
[12/Mar/2008:04:45:55 :: 11369] starting
[12/Mar/2008:04:50:58 :: 11369] terminated gracefully
[12/Mar/2008:04:53:24 :: 18152] starting
[12/Mar/2008:07:27:01 :: 18152] terminated gracefully
[12/Mar/2008:07:27:01 :: 18152] asked to terminate immediately
[12/Mar/2008:07:27:46 :: 23815] starting
[12/Mar/2008:07:58:48 :: 23815] asked to terminate immediately
[12/Mar/2008:07:58:48 :: 23815] terminated by explicit exit
[12/Mar/2008:07:59:45 :: 23181] starting
[12/Mar/2008:10:29:56 :: 23181] terminated gracefully
[12/Mar/2008:10:32:46 :: 18110] starting
[12/Mar/2008:11:29:19 :: 18110] asked to terminate immediately
[12/Mar/2008:11:29:19 :: 18110] terminated by explicit exit
[12/Mar/2008:11:30:09 :: 27619] starting
[12/Mar/2008:11:39:25 :: 27619] asked to reload ASAP
[12/Mar/2008:11:39:25 :: 27619] asked to terminate immediately
[12/Mar/2008:11:39:25 :: 27619] terminated by explicit exit
[12/Mar/2008:11:41:39 :: 8211] starting
[12/Mar/2008:12:00:45 :: 8211] asked to terminate immediately
[12/Mar/2008:12:00:45 :: 8211] terminated by explicit exit
[12/Mar/2008:12:03:19 :: 1363] starting
[12/Mar/2008:13:10:17 :: 1363] terminated gracefully
[12/Mar/2008:13:10:17 :: 1363] asked to terminate immediately
[12/Mar/2008:13:13:21 :: 31735] starting
[12/Mar/2008:13:45:55 :: 31735] asked to terminate immediately
[12/Mar/2008:13:45:55 :: 31735] terminated by explicit exit
[12/Mar/2008:13:46:23 :: 5837] starting
[12/Mar/2008:14:01:32 :: 5837] asked to terminate immediately
[12/Mar/2008:14:01:32 :: 5837] terminated by explicit exit
[12/Mar/2008:14:05:18 :: 27574] starting
[12/Mar/2008:14:12:45 :: 1573] starting
[12/Mar/2008:14:26:40 :: 17193] starting
[12/Mar/2008:14:36:48 :: 25409] starting
[12/Mar/2008:14:57:06 :: 11942] starting
[12/Mar/2008:15:37:51 :: 11671] starting
[12/Mar/2008:16:07:54 :: 14501] starting
[12/Mar/2008:16:37:40 :: 680] starting
[12/Mar/2008:17:45:24 :: 680] terminated gracefully
[12/Mar/2008:17:48:12 :: 20707] starting
[12/Mar/2008:20:43:24 :: 20707] terminated gracefully
[12/Mar/2008:20:43:24 :: 20707] asked to terminate immediately
[12/Mar/2008:20:45:15 :: 1254] starting
[13/Mar/2008:00:11:23 :: 1254] terminated gracefully
[13/Mar/2008:00:14:38 :: 3882] starting
[13/Mar/2008:01:58:57 :: 3882] terminated gracefully
[13/Mar/2008:01:58:57 :: 3882] asked to terminate immediately
[13/Mar/2008:02:00:54 :: 31677] starting
[13/Mar/2008:02:45:25 :: 31677] terminated gracefully
[13/Mar/2008:02:47:31 :: 12826] starting
[13/Mar/2008:03:36:38 :: 12826] terminated gracefully
[13/Mar/2008:03:39:29 :: 10287] starting
[13/Mar/2008:05:21:09 :: 10287] asked to terminate immediately
[13/Mar/2008:05:21:13 :: 10287] asked to terminate immediately
[13/Mar/2008:05:21:13 :: 10287] terminated by explicit exit
[13/Mar/2008:05:24:49 :: 20205] starting
[13/Mar/2008:05:43:25 :: 20205] asked to terminate immediately
[13/Mar/2008:05:43:25 :: 20205] terminated by explicit exit
[13/Mar/2008:05:43:44 :: 16691] starting
[13/Mar/2008:08:11:36 :: 16691] terminated gracefully
[13/Mar/2008:08:18:29 :: 9738] starting
[13/Mar/2008:08:33:38 :: 9738] terminated gracefully
[13/Mar/2008:08:39:51 :: 32721] starting
[13/Mar/2008:09:34:06 :: 32721] terminated gracefully
[13/Mar/2008:09:35:52 :: 15567] starting
[13/Mar/2008:13:28:30 :: 15567] asked to terminate immediately
[13/Mar/2008:13:28:30 :: 15567] terminated by explicit exit
[13/Mar/2008:13:29:19 :: 21688] starting
[13/Mar/2008:13:31:35 :: 21688] asked to terminate immediately
[13/Mar/2008:13:31:35 :: 21688] terminated by explicit exit
[13/Mar/2008:13:32:03 :: 24915] starting
[13/Mar/2008:13:47:44 :: 24915] asked to terminate immediately
[13/Mar/2008:13:47:44 :: 24915] terminated by explicit exit
[13/Mar/2008:13:48:30 :: 22318] starting
[13/Mar/2008:13:49:02 :: 22318] asked to terminate immediately
[13/Mar/2008:13:49:02 :: 22318] terminated by explicit exit
[13/Mar/2008:13:50:45 :: 27572] starting
[13/Mar/2008:14:54:06 :: 27572] terminated gracefully
[13/Mar/2008:14:59:10 :: 30578] starting
[13/Mar/2008:15:08:15 :: 30578] terminated gracefully
[13/Mar/2008:15:08:15 :: 30578] asked to terminate immediately
[13/Mar/2008:15:36:27 :: 15328] starting
[13/Mar/2008:15:43:05 :: 15328] terminated gracefully
[13/Mar/2008:15:43:05 :: 15328] asked to terminate immediately
[13/Mar/2008:15:45:23 :: 27646] starting
[13/Mar/2008:16:26:34 :: 27646] terminated gracefully
[13/Mar/2008:16:31:17 :: 24305] starting
[13/Mar/2008:17:52:13 :: 24305] terminated gracefully
[13/Mar/2008:17:52:13 :: 24305] asked to terminate immediately
[13/Mar/2008:17:55:31 :: 1658] starting
[13/Mar/2008:20:46:10 :: 1658] terminated gracefully
[13/Mar/2008:20:46:52 :: 10944] starting
[14/Mar/2008:01:24:36 :: 10944] terminated gracefully
[14/Mar/2008:01:30:20 :: 26021] starting
[14/Mar/2008:02:35:16 :: 26021] terminated gracefully
[14/Mar/2008:02:35:16 :: 26021] asked to terminate immediately
[14/Mar/2008:02:40:41 :: 24064] starting
[14/Mar/2008:03:38:44 :: 24064] asked to terminate immediately
[14/Mar/2008:03:38:44 :: 24064] terminated by explicit exit
[14/Mar/2008:03:41:09 :: 15312] starting
[14/Mar/2008:04:23:00 :: 15312] terminated gracefully
[14/Mar/2008:04:24:36 :: 31177] starting
[14/Mar/2008:04:34:02 :: 31177] terminated gracefully
[14/Mar/2008:04:34:02 :: 31177] asked to terminate immediately
[14/Mar/2008:04:35:25 :: 9426] starting
[14/Mar/2008:06:06:49 :: 9426] terminated gracefully
[14/Mar/2008:06:06:49 :: 9426] asked to terminate immediately
[14/Mar/2008:06:09:01 :: 651] starting
[14/Mar/2008:07:56:08 :: 651] terminated gracefully
[14/Mar/2008:08:16:17 :: 17245] starting
[14/Mar/2008:08:40:33 :: 17245] terminated gracefully
[14/Mar/2008:08:54:39 :: 25078] starting
[14/Mar/2008:09:40:07 :: 25078] asked to terminate immediately
[14/Mar/2008:09:40:07 :: 25078] terminated by explicit exit
[14/Mar/2008:09:43:01 :: 17017] starting
[14/Mar/2008:10:33:34 :: 17017] terminated gracefully
[14/Mar/2008:10:35:54 :: 18432] starting
[14/Mar/2008:13:38:43 :: 18432] terminated gracefully
[14/Mar/2008:13:40:14 :: 14715] starting
[14/Mar/2008:13:42:44 :: 14715] terminated gracefully
[14/Mar/2008:13:48:54 :: 23196] starting
[14/Mar/2008:13:54:51 :: 23196] terminated gracefully
[14/Mar/2008:13:55:37 :: 31073] starting
[14/Mar/2008:14:41:35 :: 31073] terminated gracefully
[14/Mar/2008:14:41:48 :: 26624] starting
[14/Mar/2008:14:49:47 :: 26624] terminated gracefully
[14/Mar/2008:14:51:03 :: 4856] starting
[14/Mar/2008:15:54:20 :: 31387] starting
[14/Mar/2008:16:28:39 :: 31387] terminated gracefully
[14/Mar/2008:16:29:30 :: 10055] starting
[14/Mar/2008:17:41:57 :: 10055] terminated gracefully
[14/Mar/2008:17:41:57 :: 10055] asked to terminate immediately
[14/Mar/2008:17:42:28 :: 2146] starting
[14/Mar/2008:18:23:54 :: 2146] terminated gracefully
[14/Mar/2008:18:23:55 :: 2146] asked to terminate immediately
[14/Mar/2008:18:25:06 :: 15876] starting
[14/Mar/2008:20:58:33 :: 15876] terminated gracefully
[14/Mar/2008:21:00:47 :: 10552] starting
[15/Mar/2008:01:56:27 :: 10552] asked to terminate immediately
[15/Mar/2008:01:57:25 :: 5965] starting
[15/Mar/2008:03:10:59 :: 5965] terminated gracefully
[15/Mar/2008:03:11:00 :: 10552] terminated gracefully
[15/Mar/2008:03:13:11 :: 14982] starting
[15/Mar/2008:04:15:00 :: 14982] terminated gracefully
[15/Mar/2008:04:15:34 :: 15322] starting
[15/Mar/2008:05:10:55 :: 15322] terminated gracefully
[15/Mar/2008:05:15:17 :: 5357] starting
[15/Mar/2008:06:50:34 :: 5357] terminated gracefully
[15/Mar/2008:06:52:47 :: 8154] starting
[15/Mar/2008:10:01:06 :: 8154] terminated gracefully
[15/Mar/2008:10:01:47 :: 23877] starting
[15/Mar/2008:13:46:07 :: 23877] terminated gracefully
[15/Mar/2008:13:46:37 :: 28845] starting
[15/Mar/2008:14:55:18 :: 4381] starting
[15/Mar/2008:15:20:25 :: 4381] asked to terminate immediately
[15/Mar/2008:15:20:25 :: 4381] terminated by explicit exit
[15/Mar/2008:15:25:21 :: 13358] starting
[15/Mar/2008:17:30:47 :: 13358] asked to terminate immediately
[15/Mar/2008:17:30:47 :: 13358] terminated by explicit exit
[15/Mar/2008:17:33:40 :: 11655] starting
[15/Mar/2008:18:27:52 :: 11655] terminated gracefully
[15/Mar/2008:18:27:52 :: 11655] asked to terminate immediately
[15/Mar/2008:18:29:07 :: 3340] starting
[15/Mar/2008:19:20:19 :: 3340] terminated gracefully
[15/Mar/2008:19:22:16 :: 32364] starting
[15/Mar/2008:19:41:28 :: 32364] terminated gracefully
[15/Mar/2008:19:42:37 :: 20137] starting
[15/Mar/2008:20:23:27 :: 20137] terminated gracefully
[15/Mar/2008:20:26:03 :: 5250] starting
[15/Mar/2008:21:02:07 :: 5250] terminated gracefully
[15/Mar/2008:21:05:06 :: 3508] starting
[15/Mar/2008:21:49:33 :: 3508] asked to terminate immediately
[15/Mar/2008:21:49:33 :: 3508] terminated by explicit exit
[15/Mar/2008:21:52:34 :: 11703] starting
[16/Mar/2008:01:49:30 :: 11703] terminated gracefully
[16/Mar/2008:01:54:55 :: 30743] starting
[16/Mar/2008:03:23:26 :: 30743] terminated gracefully
[16/Mar/2008:03:23:50 :: 6105] starting
[16/Mar/2008:06:24:04 :: 6105] terminated gracefully
[16/Mar/2008:06:25:28 :: 11766] starting
[16/Mar/2008:07:16:03 :: 11766] terminated gracefully
[16/Mar/2008:07:18:51 :: 2254] starting
[16/Mar/2008:07:42:40 :: 2254] terminated gracefully
[16/Mar/2008:07:47:59 :: 27602] starting
[16/Mar/2008:09:28:09 :: 27602] terminated gracefully
[16/Mar/2008:09:28:09 :: 27602] asked to terminate immediately
[16/Mar/2008:09:29:42 :: 15969] starting
[16/Mar/2008:14:18:36 :: 15969] terminated gracefully
[16/Mar/2008:14:18:36 :: 15969] asked to terminate immediately
[16/Mar/2008:14:19:28 :: 18594] starting
[16/Mar/2008:15:54:49 :: 18594] terminated gracefully
[16/Mar/2008:15:54:50 :: 18594] asked to terminate immediately
[16/Mar/2008:16:00:49 :: 25957] starting
[16/Mar/2008:19:11:01 :: 25957] terminated gracefully
[16/Mar/2008:19:11:01 :: 25957] asked to terminate immediately
[16/Mar/2008:19:18:37 :: 17704] starting
[16/Mar/2008:20:06:51 :: 17704] terminated gracefully
[16/Mar/2008:20:08:40 :: 5781] starting
[16/Mar/2008:20:22:13 :: 5781] terminated gracefully
[16/Mar/2008:20:22:58 :: 18498] starting
[16/Mar/2008:21:21:22 :: 18498] terminated gracefully
[16/Mar/2008:21:24:07 :: 21636] starting
[17/Mar/2008:02:30:57 :: 21636] terminated gracefully
[17/Mar/2008:02:33:46 :: 8207] starting
[17/Mar/2008:04:02:27 :: 8207] terminated gracefully
[17/Mar/2008:04:02:27 :: 8207] asked to terminate immediately
[17/Mar/2008:04:03:45 :: 27698] starting
[17/Mar/2008:05:50:50 :: 27698] terminated gracefully
[17/Mar/2008:05:50:50 :: 27698] asked to terminate immediately
[17/Mar/2008:05:53:09 :: 3302] starting
[17/Mar/2008:07:44:59 :: 3302] asked to terminate immediately
[17/Mar/2008:07:45:36 :: 11574] starting
[17/Mar/2008:07:48:40 :: 11574] asked to terminate immediately
[17/Mar/2008:07:48:40 :: 11574] terminated by explicit exit
[17/Mar/2008:07:49:27 :: 16108] starting
[17/Mar/2008:08:26:39 :: 16108] asked to terminate immediately
[17/Mar/2008:08:26:39 :: 16108] terminated by explicit exit
[17/Mar/2008:08:28:39 :: 612] starting
[17/Mar/2008:10:50:20 :: 612] terminated gracefully
[17/Mar/2008:10:51:44 :: 21793] starting
[17/Mar/2008:11:18:06 :: 21793] terminated gracefully
[17/Mar/2008:11:18:44 :: 25371] starting
[17/Mar/2008:11:22:13 :: 25371] asked to terminate immediately
[17/Mar/2008:11:22:13 :: 25371] terminated by explicit exit
[17/Mar/2008:11:22:26 :: 29869] starting
[17/Mar/2008:11:49:11 :: 29869] terminated gracefully
[17/Mar/2008:11:49:11 :: 29869] asked to terminate immediately
[17/Mar/2008:11:50:07 :: 30837] starting
[17/Mar/2008:12:15:16 :: 21657] starting
[17/Mar/2008:12:18:05 :: 21657] asked to terminate immediately
[17/Mar/2008:12:18:05 :: 21657] terminated by explicit exit
[17/Mar/2008:12:21:02 :: 12231] starting
[17/Mar/2008:13:31:23 :: 12231] asked to terminate immediately
[17/Mar/2008:13:31:23 :: 12231] terminated by explicit exit
[17/Mar/2008:13:34:18 :: 20860] starting
[17/Mar/2008:15:30:24 :: 20860] terminated gracefully
[17/Mar/2008:15:34:21 :: 11689] starting
[17/Mar/2008:16:23:36 :: 11689] asked to terminate immediately
[17/Mar/2008:16:23:36 :: 11689] terminated by explicit exit
[17/Mar/2008:16:25:08 :: 17048] starting
[17/Mar/2008:17:16:29 :: 17048] asked to terminate immediately
[17/Mar/2008:17:16:29 :: 17048] terminated by explicit exit
[17/Mar/2008:17:18:10 :: 20250] starting
[17/Mar/2008:17:19:43 :: 20250] asked to terminate immediately
[17/Mar/2008:17:19:43 :: 20250] terminated by explicit exit
[17/Mar/2008:17:23:52 :: 27816] starting
[17/Mar/2008:18:20:00 :: 27816] terminated gracefully
[17/Mar/2008:18:20:00 :: 27816] asked to terminate immediately
[17/Mar/2008:18:20:55 :: 30442] starting
[17/Mar/2008:19:00:04 :: 30442] terminated gracefully
[17/Mar/2008:19:01:17 :: 15009] starting
[17/Mar/2008:20:12:59 :: 15009] terminated gracefully
[17/Mar/2008:20:13:25 :: 3043] starting
[17/Mar/2008:20:46:32 :: 3043] terminated gracefully
[17/Mar/2008:20:48:19 :: 11363] starting
[17/Mar/2008:21:24:37 :: 11363] terminated gracefully
[17/Mar/2008:21:24:37 :: 11363] asked to terminate immediately
[17/Mar/2008:21:25:40 :: 24389] starting
[17/Mar/2008:22:51:45 :: 24389] terminated gracefully
[17/Mar/2008:22:52:03 :: 16649] starting
[18/Mar/2008:00:22:38 :: 16649] asked to terminate immediately
[18/Mar/2008:00:22:38 :: 16649] terminated by explicit exit
[18/Mar/2008:00:24:30 :: 16699] starting
[18/Mar/2008:02:10:26 :: 16699] terminated gracefully
[18/Mar/2008:02:11:39 :: 27520] starting
[18/Mar/2008:02:12:18 :: 27520] terminated gracefully
[18/Mar/2008:02:13:32 :: 29627] starting
[18/Mar/2008:02:14:19 :: 29627] asked to terminate immediately
[18/Mar/2008:02:14:19 :: 29627] terminated by explicit exit
[18/Mar/2008:02:16:48 :: 839] starting
[18/Mar/2008:02:57:21 :: 839] terminated gracefully
[18/Mar/2008:03:01:29 :: 15876] starting
[18/Mar/2008:04:13:42 :: 15876] asked to terminate immediately
[18/Mar/2008:04:13:42 :: 15876] terminated by explicit exit
[18/Mar/2008:04:14:47 :: 863] starting
[18/Mar/2008:04:18:34 :: 863] asked to terminate immediately
[18/Mar/2008:04:18:34 :: 863] terminated by explicit exit
[18/Mar/2008:04:20:49 :: 7942] starting
[18/Mar/2008:06:07:04 :: 7942] asked to terminate immediately
[18/Mar/2008:06:07:04 :: 7942] terminated by explicit exit
[18/Mar/2008:06:08:19 :: 28332] starting
[18/Mar/2008:06:11:20 :: 28332] asked to terminate immediately
[18/Mar/2008:06:11:20 :: 28332] terminated by explicit exit
[18/Mar/2008:06:14:21 :: 4287] starting
[18/Mar/2008:07:32:06 :: 4287] terminated gracefully
[18/Mar/2008:07:33:49 :: 25789] starting
[18/Mar/2008:08:51:26 :: 25789] asked to reload ASAP
[18/Mar/2008:08:51:27 :: 25789] asked to terminate immediately
[18/Mar/2008:08:51:27 :: 25789] terminated by explicit exit
[18/Mar/2008:08:54:04 :: 25455] starting
[18/Mar/2008:09:35:09 :: 25455] terminated gracefully
[18/Mar/2008:09:37:55 :: 11963] starting
[18/Mar/2008:10:06:22 :: 11963] asked to terminate immediately
[18/Mar/2008:10:10:14 :: 21932] starting
[18/Mar/2008:10:47:55 :: 22662] starting
[18/Mar/2008:15:00:55 :: 22662] asked to terminate immediately
[18/Mar/2008:15:00:55 :: 22662] terminated by explicit exit
[18/Mar/2008:15:04:19 :: 19977] starting
[18/Mar/2008:15:05:19 :: 19977] asked to terminate immediately
[18/Mar/2008:15:05:19 :: 19977] terminated by explicit exit
[18/Mar/2008:15:09:04 :: 29228] starting
[18/Mar/2008:15:51:42 :: 29228] asked to terminate immediately
[18/Mar/2008:15:51:42 :: 29228] terminated by explicit exit
[18/Mar/2008:15:57:51 :: 25333] starting
[18/Mar/2008:17:13:10 :: 25333] terminated gracefully
[18/Mar/2008:17:16:18 :: 4254] starting
[18/Mar/2008:18:53:48 :: 4254] asked to terminate immediately
[18/Mar/2008:18:53:48 :: 4254] terminated by explicit exit
[18/Mar/2008:18:59:12 :: 25477] starting
[18/Mar/2008:19:19:52 :: 25477] asked to terminate immediately
[18/Mar/2008:19:19:52 :: 25477] terminated by explicit exit
[18/Mar/2008:19:40:59 :: 2462] starting
[18/Mar/2008:19:52:55 :: 2462] terminated gracefully
[18/Mar/2008:19:52:55 :: 2462] asked to terminate immediately
[18/Mar/2008:20:13:56 :: 777] starting
[18/Mar/2008:23:10:41 :: 777] terminated gracefully
[18/Mar/2008:23:10:41 :: 777] asked to terminate immediately
[18/Mar/2008:23:12:26 :: 18325] starting
[18/Mar/2008:23:34:48 :: 18325] terminated gracefully
[18/Mar/2008:23:36:56 :: 6038] starting
[18/Mar/2008:23:52:54 :: 6038] asked to terminate immediately
[18/Mar/2008:23:52:54 :: 6038] terminated by explicit exit
[18/Mar/2008:23:53:23 :: 18988] starting
[19/Mar/2008:02:32:31 :: 18988] terminated gracefully
[19/Mar/2008:02:33:55 :: 27900] starting
[19/Mar/2008:03:10:35 :: 27900] asked to terminate immediately
[19/Mar/2008:03:10:35 :: 27900] terminated by explicit exit
[19/Mar/2008:03:14:05 :: 1830] starting
[19/Mar/2008:06:11:02 :: 1830] terminated gracefully
[19/Mar/2008:06:11:02 :: 1830] asked to terminate immediately
[19/Mar/2008:06:12:32 :: 31742] starting
[19/Mar/2008:07:46:48 :: 31742] terminated gracefully
[19/Mar/2008:07:48:31 :: 4171] starting
[19/Mar/2008:07:52:41 :: 4171] asked to terminate immediately
[19/Mar/2008:07:52:41 :: 4171] terminated by explicit exit
[19/Mar/2008:07:53:32 :: 10363] starting
[19/Mar/2008:10:18:07 :: 10363] asked to terminate immediately
[19/Mar/2008:10:18:07 :: 10363] terminated by explicit exit
[19/Mar/2008:10:19:30 :: 25050] starting
[19/Mar/2008:10:25:13 :: 25050] terminated gracefully
[19/Mar/2008:10:28:49 :: 7314] starting
[19/Mar/2008:11:35:35 :: 7314] asked to terminate immediately
[19/Mar/2008:11:40:07 :: 19923] starting
[19/Mar/2008:11:59:18 :: 19923] terminated gracefully
[19/Mar/2008:12:00:51 :: 6672] starting
[19/Mar/2008:13:27:34 :: 6672] terminated gracefully
[19/Mar/2008:13:29:33 :: 5730] starting
[19/Mar/2008:15:29:59 :: 5730] terminated gracefully
[19/Mar/2008:15:32:18 :: 12303] starting
[19/Mar/2008:18:51:54 :: 12303] terminated gracefully
[19/Mar/2008:18:53:51 :: 32385] starting
[19/Mar/2008:19:58:46 :: 32385] terminated gracefully
[19/Mar/2008:19:58:46 :: 32385] asked to terminate immediately
[19/Mar/2008:19:58:59 :: 28297] starting
[19/Mar/2008:21:55:30 :: 28297] asked to terminate immediately
[19/Mar/2008:21:55:30 :: 28297] terminated by explicit exit
[19/Mar/2008:21:55:38 :: 25109] starting
[19/Mar/2008:21:58:21 :: 25109] asked to terminate immediately
[19/Mar/2008:21:58:21 :: 25109] terminated by explicit exit
[19/Mar/2008:21:58:23 :: 28523] starting
[19/Mar/2008:22:08:30 :: 28523] asked to terminate immediately
[19/Mar/2008:22:08:30 :: 28523] terminated by explicit exit
[19/Mar/2008:22:08:36 :: 7255] starting
[19/Mar/2008:22:10:51 :: 7255] asked to terminate immediately
[19/Mar/2008:22:10:51 :: 7255] terminated by explicit exit
[19/Mar/2008:22:10:53 :: 8985] starting
[19/Mar/2008:22:12:22 :: 8985] asked to terminate immediately
[19/Mar/2008:22:12:22 :: 8985] terminated by explicit exit
[19/Mar/2008:22:12:25 :: 10300] starting
[19/Mar/2008:22:13:41 :: 10300] asked to terminate immediately
[19/Mar/2008:22:13:41 :: 10300] terminated by explicit exit
[19/Mar/2008:22:13:43 :: 11378] starting
[19/Mar/2008:22:13:52 :: 11378] asked to terminate immediately
[19/Mar/2008:22:13:52 :: 11378] terminated by explicit exit
[19/Mar/2008:22:13:55 :: 11518] starting
[19/Mar/2008:22:26:40 :: 11518] asked to terminate immediately
[19/Mar/2008:22:26:40 :: 11518] terminated by explicit exit
[19/Mar/2008:22:26:47 :: 22376] starting
[19/Mar/2008:22:36:13 :: 22376] asked to terminate immediately
[19/Mar/2008:22:36:13 :: 22376] terminated by explicit exit
[19/Mar/2008:22:36:20 :: 29826] starting
[19/Mar/2008:22:37:12 :: 29826] asked to terminate immediately
[19/Mar/2008:22:37:12 :: 29826] terminated by explicit exit
[19/Mar/2008:22:37:14 :: 30716] starting
[19/Mar/2008:23:24:18 :: 30716] terminated gracefully
[19/Mar/2008:23:26:07 :: 12616] starting
[20/Mar/2008:00:09:40 :: 12616] asked to terminate immediately
[20/Mar/2008:00:09:40 :: 12616] terminated by explicit exit
[20/Mar/2008:00:09:48 :: 19988] starting
[20/Mar/2008:00:17:00 :: 19988] terminated gracefully
[20/Mar/2008:00:17:35 :: 27127] starting
[20/Mar/2008:00:26:43 :: 27127] terminated gracefully
[20/Mar/2008:00:26:43 :: 27127] asked to terminate immediately
[20/Mar/2008:00:27:03 :: 9246] starting
[20/Mar/2008:03:37:14 :: 9246] terminated gracefully
[20/Mar/2008:03:38:35 :: 20653] starting
[20/Mar/2008:07:28:12 :: 20653] terminated gracefully
[20/Mar/2008:07:29:10 :: 20193] starting
[20/Mar/2008:08:13:22 :: 20193] terminated gracefully
[20/Mar/2008:08:13:22 :: 20193] asked to terminate immediately
[20/Mar/2008:08:14:27 :: 6235] starting
[20/Mar/2008:09:10:58 :: 6235] terminated gracefully
[20/Mar/2008:09:11:34 :: 16203] starting
[20/Mar/2008:11:49:46 :: 16203] terminated gracefully
[20/Mar/2008:11:50:32 :: 17127] starting
[20/Mar/2008:12:05:15 :: 17127] asked to terminate immediately
[20/Mar/2008:12:05:15 :: 17127] terminated by explicit exit
[20/Mar/2008:12:06:45 :: 5039] starting
[20/Mar/2008:12:11:44 :: 5039] asked to terminate immediately
[20/Mar/2008:12:11:44 :: 5039] terminated by explicit exit
[20/Mar/2008:12:21:48 :: 27106] starting
[20/Mar/2008:12:22:55 :: 27106] terminated gracefully
[20/Mar/2008:12:25:04 :: 9655] starting
[20/Mar/2008:12:25:31 :: 9655] asked to terminate immediately
[20/Mar/2008:12:25:31 :: 9655] terminated by explicit exit
[20/Mar/2008:12:27:40 :: 15563] starting
[20/Mar/2008:12:28:07 :: 15563] asked to terminate immediately
[20/Mar/2008:12:28:07 :: 15563] terminated by explicit exit
[20/Mar/2008:12:31:08 :: 20435] starting
[20/Mar/2008:12:34:19 :: 20435] terminated gracefully
[20/Mar/2008:12:35:52 :: 25629] starting
[20/Mar/2008:15:16:54 :: 25629] asked to terminate immediately
[20/Mar/2008:15:16:54 :: 25629] terminated by explicit exit
[20/Mar/2008:15:25:45 :: 13195] starting
[20/Mar/2008:15:39:29 :: 13195] terminated gracefully
[20/Mar/2008:15:39:29 :: 13195] asked to terminate immediately
[20/Mar/2008:15:39:47 :: 25134] starting
[20/Mar/2008:19:11:00 :: 25134] asked to terminate immediately
[20/Mar/2008:19:11:00 :: 25134] terminated by explicit exit
[20/Mar/2008:19:12:06 :: 31819] starting
[20/Mar/2008:19:27:11 :: 31819] terminated gracefully
[20/Mar/2008:19:27:48 :: 18809] starting
[20/Mar/2008:21:08:48 :: 18809] terminated gracefully
[20/Mar/2008:21:08:48 :: 18809] asked to terminate immediately
[20/Mar/2008:21:09:50 :: 22231] starting
[20/Mar/2008:22:18:36 :: 22231] terminated gracefully
[20/Mar/2008:22:18:53 :: 23445] starting
[20/Mar/2008:23:49:25 :: 23445] terminated gracefully
[20/Mar/2008:23:50:57 :: 7361] starting
[21/Mar/2008:00:30:53 :: 7361] asked to reload ASAP
[21/Mar/2008:00:30:53 :: 7361] asked to terminate immediately
[21/Mar/2008:00:30:53 :: 7361] terminated by explicit exit
[21/Mar/2008:00:34:23 :: 12115] starting
[21/Mar/2008:00:38:12 :: 12115] asked to terminate immediately
[21/Mar/2008:00:38:12 :: 12115] terminated by explicit exit
[21/Mar/2008:00:39:52 :: 16865] starting
[21/Mar/2008:03:53:50 :: 16865] terminated gracefully
[21/Mar/2008:03:53:50 :: 16865] asked to terminate immediately
[21/Mar/2008:03:54:39 :: 27375] starting
[21/Mar/2008:06:01:59 :: 27375] terminated gracefully
[21/Mar/2008:06:01:59 :: 27375] asked to terminate immediately
[21/Mar/2008:06:03:56 :: 16324] starting
[21/Mar/2008:06:04:16 :: 16324] asked to terminate immediately
[21/Mar/2008:06:04:54 :: 17317] starting
[21/Mar/2008:06:07:27 :: 17317] asked to terminate immediately
[21/Mar/2008:06:07:27 :: 17317] terminated by explicit exit
[21/Mar/2008:06:08:49 :: 22991] starting
[21/Mar/2008:07:13:38 :: 22991] asked to terminate immediately
[21/Mar/2008:07:13:38 :: 22991] terminated by explicit exit
[21/Mar/2008:07:15:19 :: 20634] starting
[21/Mar/2008:09:19:07 :: 20634] terminated gracefully
[21/Mar/2008:09:19:52 :: 28373] starting
[21/Mar/2008:09:21:10 :: 28373] asked to terminate immediately
[21/Mar/2008:09:21:10 :: 28373] terminated by explicit exit
[21/Mar/2008:09:21:55 :: 31626] starting
[21/Mar/2008:10:16:13 :: 31626] terminated gracefully
[21/Mar/2008:10:16:13 :: 31626] asked to terminate immediately
[21/Mar/2008:10:17:39 :: 29428] starting
[21/Mar/2008:10:58:33 :: 29428] terminated gracefully
[21/Mar/2008:10:58:33 :: 29428] asked to terminate immediately
[21/Mar/2008:11:00:59 :: 10753] starting
[21/Mar/2008:11:56:58 :: 10753] asked to terminate immediately
[21/Mar/2008:11:56:58 :: 10753] terminated by explicit exit
[21/Mar/2008:11:58:49 :: 15078] starting
[21/Mar/2008:12:18:05 :: 15078] terminated gracefully
[21/Mar/2008:12:19:57 :: 6314] starting
[21/Mar/2008:13:09:06 :: 6314] asked to terminate immediately
[21/Mar/2008:13:09:06 :: 6314] terminated by explicit exit
[21/Mar/2008:13:11:55 :: 5876] starting
[21/Mar/2008:13:18:45 :: 5876] asked to terminate immediately
[21/Mar/2008:13:18:45 :: 5876] terminated by explicit exit
[21/Mar/2008:13:21:14 :: 15589] starting
[21/Mar/2008:13:23:35 :: 15589] asked to terminate immediately
[21/Mar/2008:13:23:35 :: 15589] terminated by explicit exit
[21/Mar/2008:13:24:13 :: 19909] starting
[21/Mar/2008:13:38:44 :: 19909] terminated gracefully
[21/Mar/2008:13:38:44 :: 19909] asked to terminate immediately
[21/Mar/2008:13:39:09 :: 1773] starting
[21/Mar/2008:14:02:46 :: 1773] asked to terminate immediately
[21/Mar/2008:14:02:46 :: 1773] terminated by explicit exit
[21/Mar/2008:14:04:47 :: 29416] starting
[21/Mar/2008:16:10:40 :: 29416] terminated gracefully
[21/Mar/2008:16:10:40 :: 29416] asked to terminate immediately
[21/Mar/2008:16:12:46 :: 23541] starting
[21/Mar/2008:16:13:32 :: 23541] asked to terminate immediately
[21/Mar/2008:16:13:32 :: 23541] terminated by explicit exit
[21/Mar/2008:16:14:59 :: 27790] starting
[21/Mar/2008:16:15:50 :: 27790] asked to terminate immediately
[21/Mar/2008:16:15:50 :: 27790] terminated by explicit exit
[21/Mar/2008:16:17:14 :: 31622] starting
[21/Mar/2008:16:21:51 :: 31622] asked to terminate immediately
[21/Mar/2008:16:21:51 :: 31622] terminated by explicit exit
[21/Mar/2008:16:23:59 :: 9311] starting
[21/Mar/2008:17:13:49 :: 9311] asked to terminate immediately
[21/Mar/2008:17:13:49 :: 9311] terminated by explicit exit
[21/Mar/2008:17:15:57 :: 28448] starting
[21/Mar/2008:21:46:31 :: 28448] asked to terminate immediately
[21/Mar/2008:21:46:31 :: 28448] terminated by explicit exit
[21/Mar/2008:21:51:04 :: 29220] starting
[22/Mar/2008:00:18:40 :: 29220] terminated gracefully
[22/Mar/2008:00:18:40 :: 29220] asked to terminate immediately
[22/Mar/2008:00:21:23 :: 22192] starting
[22/Mar/2008:01:27:24 :: 22192] terminated gracefully
[22/Mar/2008:01:27:59 :: 18935] starting
[22/Mar/2008:01:41:37 :: 18935] terminated gracefully
[22/Mar/2008:01:57:16 :: 12287] starting
[22/Mar/2008:02:55:56 :: 12287] asked to terminate immediately
[22/Mar/2008:02:55:56 :: 12287] terminated by explicit exit
[22/Mar/2008:02:59:05 :: 2353] starting
[22/Mar/2008:03:04:01 :: 2353] terminated gracefully
[22/Mar/2008:03:04:12 :: 10513] starting
[22/Mar/2008:04:11:50 :: 10513] terminated gracefully
[22/Mar/2008:04:11:51 :: 10513] asked to terminate immediately
[22/Mar/2008:04:18:51 :: 17760] starting
[22/Mar/2008:06:11:49 :: 17760] terminated gracefully
[22/Mar/2008:06:11:49 :: 17760] asked to terminate immediately
[22/Mar/2008:06:31:29 :: 13117] starting
[22/Mar/2008:07:07:17 :: 13117] terminated gracefully
[22/Mar/2008:07:07:18 :: 13117] asked to terminate immediately
[22/Mar/2008:07:09:12 :: 17679] starting
[22/Mar/2008:07:37:48 :: 17679] asked to terminate immediately
[22/Mar/2008:07:37:48 :: 17679] terminated by explicit exit
[22/Mar/2008:07:38:36 :: 13494] starting
[22/Mar/2008:08:28:34 :: 13494] asked to terminate immediately
[22/Mar/2008:08:28:34 :: 13494] terminated by explicit exit
[22/Mar/2008:08:29:18 :: 424] starting
[22/Mar/2008:10:33:17 :: 424] terminated gracefully
[22/Mar/2008:10:33:17 :: 424] asked to terminate immediately
[22/Mar/2008:10:33:57 :: 5824] starting
[22/Mar/2008:10:40:23 :: 5824] asked to terminate immediately
[22/Mar/2008:10:40:23 :: 5824] terminated by explicit exit
[22/Mar/2008:10:42:12 :: 13879] starting
[22/Mar/2008:10:48:17 :: 13879] asked to terminate immediately
[22/Mar/2008:10:48:17 :: 13879] terminated by explicit exit
[22/Mar/2008:10:48:24 :: 20801] starting
[22/Mar/2008:12:00:54 :: 20801] terminated gracefully
[22/Mar/2008:12:01:53 :: 1588] starting
[22/Mar/2008:13:38:46 :: 1588] asked to terminate immediately
[22/Mar/2008:13:38:46 :: 1588] terminated by explicit exit
[22/Mar/2008:13:38:57 :: 13364] starting
[22/Mar/2008:14:05:58 :: 13364] terminated gracefully
[22/Mar/2008:14:05:58 :: 13364] asked to terminate immediately
[22/Mar/2008:14:06:47 :: 5926] starting
[22/Mar/2008:14:27:50 :: 5926] terminated gracefully
[22/Mar/2008:14:28:11 :: 28637] starting
[22/Mar/2008:14:50:07 :: 28637] terminated gracefully
[22/Mar/2008:14:50:21 :: 16065] starting
[22/Mar/2008:15:43:32 :: 16065] asked to terminate immediately
[22/Mar/2008:15:43:32 :: 16065] terminated by explicit exit
[22/Mar/2008:15:44:55 :: 7358] starting
[22/Mar/2008:16:28:47 :: 7358] terminated gracefully
[22/Mar/2008:16:29:49 :: 23033] starting
[22/Mar/2008:16:34:12 :: 23033] terminated gracefully
[22/Mar/2008:16:34:52 :: 28277] starting
[22/Mar/2008:16:36:45 :: 28277] terminated gracefully
[22/Mar/2008:16:36:53 :: 30068] starting
[22/Mar/2008:16:38:30 :: 30068] asked to terminate immediately
[22/Mar/2008:16:38:30 :: 30068] terminated by explicit exit
[22/Mar/2008:16:39:11 :: 688] starting
[22/Mar/2008:16:41:29 :: 688] asked to terminate immediately
[22/Mar/2008:16:41:29 :: 688] terminated by explicit exit
[22/Mar/2008:16:41:37 :: 2725] starting
[22/Mar/2008:20:48:49 :: 2725] terminated gracefully
[22/Mar/2008:20:48:49 :: 2725] asked to terminate immediately
[22/Mar/2008:20:50:39 :: 30616] starting
[22/Mar/2008:20:53:00 :: 30616] terminated gracefully
[22/Mar/2008:20:53:30 :: 2268] starting
[22/Mar/2008:20:54:54 :: 2268] terminated gracefully
[22/Mar/2008:20:56:32 :: 6137] starting
[22/Mar/2008:21:00:06 :: 6137] asked to terminate immediately
[22/Mar/2008:21:00:06 :: 6137] terminated by explicit exit
[22/Mar/2008:21:03:00 :: 14945] starting
[22/Mar/2008:21:05:11 :: 14945] asked to terminate immediately
[22/Mar/2008:21:05:11 :: 14945] terminated by explicit exit
[22/Mar/2008:21:05:38 :: 19062] starting
[22/Mar/2008:22:23:10 :: 19062] asked to terminate immediately
[22/Mar/2008:22:26:18 :: 24559] starting
[22/Mar/2008:22:26:32 :: 24559] asked to terminate immediately
[22/Mar/2008:22:26:32 :: 24559] terminated by explicit exit
[22/Mar/2008:22:29:50 :: 27163] starting
[22/Mar/2008:22:32:12 :: 27163] asked to terminate immediately
[22/Mar/2008:22:32:12 :: 27163] terminated by explicit exit
[22/Mar/2008:22:32:56 :: 29644] starting
[23/Mar/2008:00:43:03 :: 29644] terminated gracefully
[23/Mar/2008:00:43:03 :: 29644] asked to terminate immediately
[23/Mar/2008:00:45:59 :: 19089] starting
[23/Mar/2008:01:50:59 :: 19089] terminated gracefully
[23/Mar/2008:01:51:28 :: 10314] starting
[23/Mar/2008:02:03:26 :: 10314] terminated gracefully
[23/Mar/2008:02:03:26 :: 10314] asked to terminate immediately
[23/Mar/2008:02:03:52 :: 19746] starting
[23/Mar/2008:02:32:08 :: 19746] terminated gracefully
[23/Mar/2008:02:32:08 :: 19746] asked to terminate immediately
[23/Mar/2008:02:32:53 :: 11765] starting
[23/Mar/2008:02:39:57 :: 11765] terminated gracefully
[23/Mar/2008:02:40:16 :: 16854] starting
[23/Mar/2008:04:37:05 :: 16854] terminated gracefully
[23/Mar/2008:04:37:49 :: 15898] starting
[23/Mar/2008:05:56:14 :: 15898] terminated gracefully
[23/Mar/2008:05:57:29 :: 21892] starting
[23/Mar/2008:09:09:34 :: 21892] terminated gracefully
[23/Mar/2008:09:09:34 :: 21892] asked to terminate immediately
[23/Mar/2008:09:11:31 :: 3767] starting
[23/Mar/2008:10:21:06 :: 3767] asked to terminate immediately
[23/Mar/2008:10:21:06 :: 3767] terminated by explicit exit
[23/Mar/2008:10:23:21 :: 16054] starting
[23/Mar/2008:10:36:39 :: 16054] terminated gracefully
[23/Mar/2008:10:36:54 :: 27977] starting
[23/Mar/2008:10:41:00 :: 27977] asked to terminate immediately
[23/Mar/2008:10:41:00 :: 27977] terminated by explicit exit
[23/Mar/2008:10:42:25 :: 1335] starting
[23/Mar/2008:10:43:57 :: 1335] asked to terminate immediately
[23/Mar/2008:10:43:57 :: 1335] terminated by explicit exit
[23/Mar/2008:10:45:14 :: 4228] starting
[23/Mar/2008:10:47:26 :: 4228] asked to terminate immediately
[23/Mar/2008:10:47:26 :: 4228] terminated by explicit exit
[23/Mar/2008:10:48:01 :: 7393] starting
[23/Mar/2008:10:49:19 :: 7393] asked to terminate immediately
[23/Mar/2008:10:49:19 :: 7393] terminated by explicit exit
[23/Mar/2008:10:50:50 :: 10277] starting
[23/Mar/2008:10:51:16 :: 10277] asked to terminate immediately
[23/Mar/2008:10:51:16 :: 10277] terminated by explicit exit
[23/Mar/2008:10:53:29 :: 12796] starting
[23/Mar/2008:11:14:44 :: 12796] terminated gracefully
[23/Mar/2008:11:15:19 :: 6185] starting
[23/Mar/2008:11:25:24 :: 6185] terminated gracefully
[23/Mar/2008:11:26:09 :: 17015] starting
[23/Mar/2008:11:41:24 :: 17015] terminated gracefully
[23/Mar/2008:11:42:59 :: 32067] starting
[23/Mar/2008:11:45:29 :: 32067] asked to terminate immediately
[23/Mar/2008:11:45:29 :: 32067] terminated by explicit exit
[23/Mar/2008:11:46:52 :: 3947] starting
[23/Mar/2008:11:47:47 :: 3947] asked to terminate immediately
[23/Mar/2008:11:47:47 :: 3947] terminated by explicit exit
[23/Mar/2008:11:50:43 :: 8702] starting
[23/Mar/2008:13:18:02 :: 8702] terminated gracefully
[23/Mar/2008:13:25:08 :: 4852] starting
[23/Mar/2008:14:23:05 :: 4852] terminated gracefully
[23/Mar/2008:14:23:05 :: 4852] asked to terminate immediately
[23/Mar/2008:14:23:47 :: 30482] starting
[23/Mar/2008:14:42:50 :: 30482] terminated gracefully
[23/Mar/2008:14:42:50 :: 30482] asked to terminate immediately
[23/Mar/2008:14:43:10 :: 18166] starting
[23/Mar/2008:15:24:30 :: 18166] terminated gracefully
[23/Mar/2008:15:24:30 :: 18166] asked to terminate immediately
[23/Mar/2008:15:27:12 :: 31038] starting
[23/Mar/2008:15:28:41 :: 31038] terminated gracefully
[23/Mar/2008:15:28:41 :: 31038] asked to terminate immediately
[23/Mar/2008:15:31:43 :: 3087] starting
[23/Mar/2008:15:32:52 :: 3087] terminated gracefully
[23/Mar/2008:15:34:34 :: 5587] starting
[23/Mar/2008:15:39:48 :: 5587] terminated gracefully
[23/Mar/2008:15:39:48 :: 5587] asked to terminate immediately
[23/Mar/2008:15:40:35 :: 11757] starting
[23/Mar/2008:15:52:59 :: 11757] terminated gracefully
[23/Mar/2008:15:52:59 :: 11757] asked to terminate immediately
[23/Mar/2008:15:54:33 :: 25328] starting
[23/Mar/2008:16:19:07 :: 25328] terminated gracefully
[23/Mar/2008:16:19:52 :: 31262] starting
[23/Mar/2008:16:22:20 :: 31262] asked to terminate immediately
[23/Mar/2008:16:22:20 :: 31262] terminated by explicit exit
[23/Mar/2008:16:22:47 :: 1914] starting
[23/Mar/2008:16:24:36 :: 1914] asked to terminate immediately
[23/Mar/2008:16:24:36 :: 1914] terminated by explicit exit
[23/Mar/2008:16:25:46 :: 5236] starting
[23/Mar/2008:16:27:25 :: 5236] terminated gracefully
[23/Mar/2008:16:28:49 :: 8672] starting
[23/Mar/2008:16:28:50 :: 8672] asked to terminate immediately
[23/Mar/2008:16:28:50 :: 8672] terminated by explicit exit
[23/Mar/2008:16:31:18 :: 11830] starting
[23/Mar/2008:16:32:10 :: 11830] terminated gracefully
[23/Mar/2008:16:33:55 :: 14399] starting
[23/Mar/2008:16:36:29 :: 14399] terminated gracefully
[23/Mar/2008:16:36:42 :: 17250] starting
[23/Mar/2008:16:39:37 :: 17250] terminated gracefully
[23/Mar/2008:16:42:07 :: 22706] starting
[23/Mar/2008:16:48:14 :: 22706] terminated gracefully
[23/Mar/2008:16:50:30 :: 29780] starting
[23/Mar/2008:21:51:54 :: 29780] terminated gracefully
[23/Mar/2008:21:56:58 :: 15247] starting
[23/Mar/2008:22:36:52 :: 15247] terminated gracefully
[23/Mar/2008:22:43:34 :: 31154] starting
[24/Mar/2008:02:33:09 :: 31154] terminated gracefully
[24/Mar/2008:02:33:09 :: 31154] asked to terminate immediately
[24/Mar/2008:02:53:31 :: 22704] starting
[24/Mar/2008:03:38:50 :: 22704] terminated gracefully
[24/Mar/2008:03:38:51 :: 22704] asked to terminate immediately
[24/Mar/2008:03:49:17 :: 15946] starting
[24/Mar/2008:03:57:33 :: 15946] asked to terminate immediately
[24/Mar/2008:03:57:33 :: 15946] terminated by explicit exit
[24/Mar/2008:03:57:48 :: 23957] starting
[24/Mar/2008:04:17:23 :: 23957] asked to terminate immediately
[24/Mar/2008:04:17:23 :: 23957] terminated by explicit exit
[24/Mar/2008:04:18:12 :: 17776] starting
[24/Mar/2008:04:51:03 :: 17776] terminated gracefully
[24/Mar/2008:04:51:03 :: 17776] asked to terminate immediately
[24/Mar/2008:04:57:07 :: 23705] starting
[24/Mar/2008:05:30:56 :: 23705] terminated gracefully
[24/Mar/2008:05:30:56 :: 23705] asked to terminate immediately
[24/Mar/2008:05:31:38 :: 25464] starting
[24/Mar/2008:05:36:58 :: 25464] terminated gracefully
[24/Mar/2008:05:52:21 :: 11364] starting
[24/Mar/2008:06:54:48 :: 11364] asked to terminate immediately
[24/Mar/2008:06:54:48 :: 11364] terminated by explicit exit
[24/Mar/2008:07:13:59 :: 2280] starting
[24/Mar/2008:09:06:37 :: 2280] asked to terminate immediately
[24/Mar/2008:09:06:37 :: 2280] terminated by explicit exit
[24/Mar/2008:09:18:58 :: 24969] starting
[24/Mar/2008:09:47:53 :: 24969] terminated gracefully
[24/Mar/2008:10:18:46 :: 18208] starting
[24/Mar/2008:10:46:07 :: 18208] terminated gracefully
[24/Mar/2008:10:46:07 :: 18208] asked to terminate immediately
[24/Mar/2008:10:50:23 :: 22082] starting
[24/Mar/2008:11:52:47 :: 22082] terminated gracefully
[24/Mar/2008:11:52:47 :: 22082] asked to terminate immediately
[24/Mar/2008:12:07:49 :: 27381] starting
[24/Mar/2008:12:51:06 :: 27381] asked to terminate immediately
[24/Mar/2008:12:51:06 :: 27381] terminated by explicit exit
[24/Mar/2008:12:52:38 :: 17698] starting
[24/Mar/2008:17:41:40 :: 17698] terminated gracefully
[24/Mar/2008:17:41:41 :: 17698] asked to terminate immediately
[24/Mar/2008:17:58:48 :: 31028] starting
[24/Mar/2008:18:21:23 :: 31028] terminated gracefully
[24/Mar/2008:18:22:48 :: 29190] starting
[24/Mar/2008:19:05:51 :: 29190] terminated gracefully
[24/Mar/2008:19:06:32 :: 11496] starting
[24/Mar/2008:21:19:18 :: 11496] terminated gracefully
[24/Mar/2008:21:19:19 :: 11496] asked to terminate immediately
[24/Mar/2008:21:35:03 :: 22480] starting
[24/Mar/2008:23:23:32 :: 22480] asked to terminate immediately
[24/Mar/2008:23:23:32 :: 22480] terminated by explicit exit
[24/Mar/2008:23:24:54 :: 32008] starting
[25/Mar/2008:00:17:13 :: 32008] asked to terminate immediately
[25/Mar/2008:00:19:03 :: 9426] starting
[25/Mar/2008:00:20:16 :: 9426] asked to terminate immediately
[25/Mar/2008:00:20:16 :: 9426] terminated by explicit exit
[25/Mar/2008:00:22:44 :: 14000] starting
[25/Mar/2008:00:27:51 :: 14000] terminated gracefully
[25/Mar/2008:00:30:14 :: 21683] starting
[25/Mar/2008:00:48:09 :: 21683] terminated gracefully
[25/Mar/2008:00:48:33 :: 8711] starting
[25/Mar/2008:00:58:36 :: 8711] asked to terminate immediately
[25/Mar/2008:00:58:36 :: 8711] terminated by explicit exit
[25/Mar/2008:00:59:42 :: 19210] starting
[25/Mar/2008:02:21:50 :: 19210] terminated gracefully
[25/Mar/2008:02:45:29 :: 25889] starting
[25/Mar/2008:05:25:32 :: 25889] asked to terminate immediately
[25/Mar/2008:05:25:32 :: 25889] terminated by explicit exit
[25/Mar/2008:05:37:54 :: 8700] starting
[25/Mar/2008:06:25:12 :: 8700] asked to terminate immediately
[25/Mar/2008:06:25:12 :: 8700] terminated by explicit exit
[25/Mar/2008:06:51:33 :: 23657] starting
[25/Mar/2008:07:05:02 :: 23657] asked to terminate immediately
[25/Mar/2008:07:05:02 :: 23657] terminated by explicit exit
[25/Mar/2008:07:25:57 :: 29051] starting
[25/Mar/2008:08:33:57 :: 29051] asked to terminate immediately
[25/Mar/2008:08:33:57 :: 29051] asked to terminate immediately
[25/Mar/2008:08:33:57 :: 29051] terminated by explicit exit
[25/Mar/2008:08:37:22 :: 15231] starting
[25/Mar/2008:11:24:35 :: 15231] asked to terminate immediately
[25/Mar/2008:11:24:35 :: 15231] terminated by explicit exit
[25/Mar/2008:12:04:41 :: 23779] starting
[25/Mar/2008:12:28:22 :: 23779] asked to terminate immediately
[25/Mar/2008:12:28:22 :: 23779] terminated by explicit exit
[25/Mar/2008:12:37:12 :: 28770] starting
[25/Mar/2008:12:59:26 :: 28770] terminated gracefully
[25/Mar/2008:13:46:57 :: 1916] starting
[25/Mar/2008:13:55:50 :: 1916] terminated gracefully
[25/Mar/2008:13:55:50 :: 1916] asked to terminate immediately
[25/Mar/2008:14:24:30 :: 15973] starting
[25/Mar/2008:14:27:38 :: 15973] asked to terminate immediately
[25/Mar/2008:14:27:38 :: 15973] terminated by explicit exit
[25/Mar/2008:15:02:10 :: 31906] starting
[25/Mar/2008:16:48:41 :: 31906] asked to terminate immediately
[25/Mar/2008:16:48:41 :: 31906] terminated by explicit exit
[25/Mar/2008:17:20:33 :: 7354] starting
[25/Mar/2008:17:36:26 :: 7354] terminated gracefully
[25/Mar/2008:17:36:26 :: 7354] asked to terminate immediately
[25/Mar/2008:17:55:22 :: 23339] starting
[25/Mar/2008:18:45:39 :: 23339] terminated gracefully
[25/Mar/2008:18:45:39 :: 23339] asked to terminate immediately
[25/Mar/2008:18:55:21 :: 23553] starting
[25/Mar/2008:19:03:42 :: 23553] terminated gracefully
[25/Mar/2008:19:04:07 :: 32106] starting
[25/Mar/2008:19:44:20 :: 32106] terminated gracefully
[25/Mar/2008:19:46:14 :: 9394] starting
[25/Mar/2008:23:20:27 :: 9394] terminated gracefully
[25/Mar/2008:23:20:27 :: 9394] asked to terminate immediately
[25/Mar/2008:23:22:22 :: 7837] starting
[26/Mar/2008:00:11:13 :: 7837] asked to terminate immediately
[26/Mar/2008:00:12:34 :: 17155] starting
[26/Mar/2008:00:32:27 :: 17155] terminated gracefully
[26/Mar/2008:00:32:27 :: 17155] asked to terminate immediately
[26/Mar/2008:00:34:16 :: 1395] starting
[26/Mar/2008:00:39:31 :: 1395] terminated gracefully
[26/Mar/2008:00:39:31 :: 1395] asked to terminate immediately
[26/Mar/2008:00:41:21 :: 7424] starting
[26/Mar/2008:00:44:52 :: 7424] terminated gracefully
[26/Mar/2008:00:49:54 :: 14024] starting
[26/Mar/2008:04:10:44 :: 14024] terminated gracefully
[26/Mar/2008:04:10:44 :: 14024] asked to terminate immediately
[26/Mar/2008:04:16:05 :: 4348] starting
[26/Mar/2008:04:29:17 :: 4348] asked to terminate immediately
[26/Mar/2008:04:29:17 :: 4348] terminated by explicit exit
[26/Mar/2008:04:32:01 :: 17912] starting
[26/Mar/2008:05:06:30 :: 17912] terminated gracefully
[26/Mar/2008:05:07:22 :: 15591] starting
[26/Mar/2008:05:14:13 :: 15591] terminated gracefully
[26/Mar/2008:05:14:42 :: 23197] starting
[26/Mar/2008:07:19:57 :: 23197] terminated gracefully
[26/Mar/2008:07:24:51 :: 23766] starting
[26/Mar/2008:07:44:16 :: 23766] terminated gracefully
[26/Mar/2008:07:47:20 :: 14272] starting
[26/Mar/2008:08:32:38 :: 14272] asked to terminate immediately
[26/Mar/2008:08:32:38 :: 14272] terminated by explicit exit
[26/Mar/2008:08:33:17 :: 31770] starting
[26/Mar/2008:09:23:22 :: 31770] asked to terminate immediately
[26/Mar/2008:09:23:22 :: 31770] terminated by explicit exit
[26/Mar/2008:09:25:21 :: 518] starting
[26/Mar/2008:09:32:26 :: 518] terminated gracefully
[26/Mar/2008:09:35:42 :: 15946] starting
[26/Mar/2008:10:07:00 :: 15946] terminated gracefully
[26/Mar/2008:10:07:00 :: 15946] asked to terminate immediately
[26/Mar/2008:10:10:42 :: 31129] starting
[26/Mar/2008:12:18:53 :: 26169] starting
[26/Mar/2008:12:42:19 :: 26169] terminated gracefully
[26/Mar/2008:12:42:19 :: 26169] asked to terminate immediately
[26/Mar/2008:12:46:54 :: 10080] starting
[26/Mar/2008:12:56:57 :: 10080] asked to terminate immediately
[26/Mar/2008:12:56:57 :: 10080] terminated by explicit exit
[26/Mar/2008:12:57:45 :: 25962] starting
[26/Mar/2008:14:14:39 :: 25962] terminated gracefully
[26/Mar/2008:14:14:40 :: 25962] asked to terminate immediately
[26/Mar/2008:14:15:47 :: 5438] starting
[26/Mar/2008:17:25:03 :: 5438] terminated gracefully
[26/Mar/2008:17:25:03 :: 5438] asked to terminate immediately
[26/Mar/2008:17:34:22 :: 6098] starting
[26/Mar/2008:18:08:53 :: 6098] terminated gracefully
[26/Mar/2008:18:08:53 :: 6098] asked to terminate immediately
[26/Mar/2008:18:12:47 :: 32407] starting
[26/Mar/2008:19:18:32 :: 32407] asked to terminate immediately
[26/Mar/2008:19:18:32 :: 32407] terminated by explicit exit
[26/Mar/2008:19:24:47 :: 15499] starting
[26/Mar/2008:19:59:50 :: 15499] terminated gracefully
[26/Mar/2008:19:59:50 :: 15499] asked to terminate immediately
[26/Mar/2008:20:03:25 :: 24593] starting
[27/Mar/2008:00:00:10 :: 24593] terminated gracefully
[27/Mar/2008:00:00:11 :: 24593] asked to terminate immediately
[27/Mar/2008:00:05:11 :: 4782] starting
[27/Mar/2008:00:47:31 :: 4782] terminated gracefully
[27/Mar/2008:00:49:13 :: 14562] starting
[27/Mar/2008:01:38:07 :: 14562] terminated gracefully
[27/Mar/2008:01:38:07 :: 14562] asked to terminate immediately
[27/Mar/2008:01:40:39 :: 25524] starting
[27/Mar/2008:05:24:01 :: 25524] terminated gracefully
[27/Mar/2008:05:24:01 :: 25524] asked to terminate immediately
[27/Mar/2008:05:26:37 :: 6999] starting
[27/Mar/2008:06:14:03 :: 6999] asked to terminate immediately
[27/Mar/2008:06:14:03 :: 6999] terminated by explicit exit
[27/Mar/2008:06:18:35 :: 26653] starting
[27/Mar/2008:09:46:42 :: 28672] starting
[27/Mar/2008:09:58:23 :: 28672] terminated gracefully
[27/Mar/2008:09:58:24 :: 28672] asked to terminate immediately
[27/Mar/2008:09:59:12 :: 22117] starting
[27/Mar/2008:10:14:00 :: 22117] asked to reload ASAP
[27/Mar/2008:10:14:01 :: 22117] asked to terminate immediately
[27/Mar/2008:10:14:22 :: 22117] terminated gracefully
[27/Mar/2008:10:17:20 :: 12256] starting
[27/Mar/2008:13:43:31 :: 12256] terminated gracefully
[27/Mar/2008:13:43:31 :: 12256] asked to terminate immediately
[27/Mar/2008:13:44:34 :: 9102] starting
[27/Mar/2008:13:57:33 :: 9102] terminated gracefully
[27/Mar/2008:13:59:34 :: 29463] starting
[27/Mar/2008:17:12:23 :: 29463] asked to terminate immediately
[27/Mar/2008:17:12:23 :: 29463] terminated by explicit exit
[27/Mar/2008:17:13:19 :: 32616] starting
[27/Mar/2008:18:38:51 :: 32616] terminated gracefully
[27/Mar/2008:18:39:50 :: 2638] starting
[27/Mar/2008:19:23:13 :: 2638] terminated gracefully
[27/Mar/2008:19:24:51 :: 14903] starting
[27/Mar/2008:20:36:12 :: 14903] terminated gracefully
[27/Mar/2008:20:36:12 :: 14903] asked to terminate immediately
[27/Mar/2008:20:37:04 :: 21411] starting
[27/Mar/2008:21:05:55 :: 21411] asked to terminate immediately
[27/Mar/2008:21:05:55 :: 21411] terminated by explicit exit
[27/Mar/2008:21:06:23 :: 14432] starting
[27/Mar/2008:22:06:18 :: 14432] terminated gracefully
[27/Mar/2008:22:07:33 :: 16572] starting
[27/Mar/2008:22:19:27 :: 16572] terminated gracefully
[27/Mar/2008:22:21:48 :: 30344] starting
[27/Mar/2008:22:29:32 :: 30344] terminated gracefully
[27/Mar/2008:22:31:16 :: 6742] starting
[28/Mar/2008:00:11:38 :: 6742] asked to terminate immediately
[28/Mar/2008:00:11:38 :: 6742] asked to terminate immediately
[28/Mar/2008:00:11:38 :: 6742] terminated by explicit exit
[28/Mar/2008:00:11:53 :: 28050] starting
[28/Mar/2008:00:35:43 :: 28050] terminated gracefully
[28/Mar/2008:00:39:37 :: 28677] starting
[28/Mar/2008:02:48:43 :: 28677] terminated gracefully
[28/Mar/2008:02:48:43 :: 28677] asked to terminate immediately
[28/Mar/2008:02:49:32 :: 29844] starting
[28/Mar/2008:06:45:54 :: 29844] terminated gracefully
[28/Mar/2008:06:45:55 :: 29844] asked to terminate immediately
[28/Mar/2008:06:48:43 :: 25269] starting
[28/Mar/2008:06:48:53 :: 25269] asked to terminate immediately
[28/Mar/2008:06:48:53 :: 25269] terminated by explicit exit
[28/Mar/2008:06:48:55 :: 25495] starting
[28/Mar/2008:07:17:55 :: 25495] terminated gracefully
[28/Mar/2008:07:18:17 :: 27916] starting
[28/Mar/2008:08:35:42 :: 27916] terminated gracefully
[28/Mar/2008:08:37:34 :: 8540] starting
[28/Mar/2008:09:16:34 :: 8540] terminated gracefully
[28/Mar/2008:09:16:34 :: 8540] asked to terminate immediately
[28/Mar/2008:09:20:33 :: 21214] starting
[28/Mar/2008:09:52:52 :: 30618] starting
[28/Mar/2008:09:57:34 :: 30618] asked to terminate immediately
[28/Mar/2008:09:57:34 :: 30618] terminated by explicit exit
[28/Mar/2008:09:58:47 :: 3860] starting
[28/Mar/2008:11:01:06 :: 3860] terminated gracefully
[28/Mar/2008:11:01:55 :: 13977] starting
[28/Mar/2008:11:34:32 :: 21634] starting
[28/Mar/2008:11:49:32 :: 21634] terminated gracefully
[28/Mar/2008:11:49:32 :: 21634] asked to terminate immediately
[28/Mar/2008:11:50:12 :: 21364] starting
[28/Mar/2008:13:12:27 :: 21364] asked to terminate immediately
[28/Mar/2008:13:12:27 :: 21364] terminated by explicit exit
[28/Mar/2008:13:13:47 :: 26486] starting
[28/Mar/2008:13:13:52 :: 26486] terminated gracefully
[28/Mar/2008:13:14:08 :: 26964] starting
[28/Mar/2008:13:25:47 :: 26964] terminated gracefully
[28/Mar/2008:13:26:55 :: 9650] starting
[28/Mar/2008:13:27:58 :: 9650] asked to terminate immediately
[28/Mar/2008:13:27:58 :: 9650] terminated by explicit exit
[28/Mar/2008:13:35:30 :: 18418] starting
[28/Mar/2008:14:59:58 :: 18418] terminated gracefully
[28/Mar/2008:14:59:58 :: 18418] asked to terminate immediately
[28/Mar/2008:15:00:44 :: 8506] starting
[28/Mar/2008:18:49:30 :: 8506] terminated gracefully
[28/Mar/2008:18:49:30 :: 8506] asked to terminate immediately
[28/Mar/2008:18:51:26 :: 11779] starting
[28/Mar/2008:19:34:11 :: 11779] asked to terminate immediately
[28/Mar/2008:19:34:11 :: 11779] terminated by explicit exit
[28/Mar/2008:19:35:50 :: 24257] starting
[28/Mar/2008:20:21:35 :: 24257] terminated gracefully
[28/Mar/2008:20:22:02 :: 9543] starting
[28/Mar/2008:20:53:47 :: 9543] terminated gracefully
[28/Mar/2008:20:57:02 :: 7615] starting
[28/Mar/2008:21:24:27 :: 7615] terminated gracefully
[28/Mar/2008:21:28:32 :: 8393] starting
[28/Mar/2008:22:44:41 :: 8393] asked to terminate immediately
[28/Mar/2008:22:44:41 :: 8393] terminated by explicit exit
[28/Mar/2008:22:45:27 :: 16463] starting
[28/Mar/2008:23:47:30 :: 16463] terminated gracefully
[28/Mar/2008:23:48:35 :: 9969] starting
[29/Mar/2008:00:52:18 :: 9969] terminated gracefully
[29/Mar/2008:00:52:18 :: 9969] asked to terminate immediately
[29/Mar/2008:00:52:42 :: 4586] starting
[29/Mar/2008:03:17:40 :: 4586] terminated gracefully
[29/Mar/2008:03:17:40 :: 4586] asked to terminate immediately
[29/Mar/2008:03:18:15 :: 10903] starting
[29/Mar/2008:06:18:07 :: 10903] asked to terminate immediately
[29/Mar/2008:06:18:07 :: 10903] terminated by explicit exit
[29/Mar/2008:06:18:41 :: 22019] starting
[29/Mar/2008:07:56:27 :: 22019] terminated gracefully
[29/Mar/2008:07:56:27 :: 22019] asked to terminate immediately
[29/Mar/2008:07:58:26 :: 2999] starting
[29/Mar/2008:08:58:36 :: 2999] asked to terminate immediately
[29/Mar/2008:08:58:36 :: 2999] terminated by explicit exit
[29/Mar/2008:09:01:20 :: 30519] starting
[29/Mar/2008:10:58:49 :: 30519] terminated gracefully
[29/Mar/2008:10:58:49 :: 30519] asked to terminate immediately
[29/Mar/2008:11:00:40 :: 23091] starting
[29/Mar/2008:11:04:14 :: 23091] asked to terminate immediately
[29/Mar/2008:11:04:14 :: 23091] terminated by explicit exit
[29/Mar/2008:11:05:50 :: 30698] starting
[29/Mar/2008:11:19:40 :: 30698] asked to terminate immediately
[29/Mar/2008:11:23:21 :: 17906] starting
